                              1 ;--------------------------------------------------------
                              2 ; File Created by SDCC : free open source ANSI-C Compiler
                              3 ; Version 2.8.0 #5117 (Mar 23 2008) (MINGW32)
                              4 ; This file was generated Fri Jun 17 15:10:29 2016
                              5 ;--------------------------------------------------------
                              6 	.module heap_1
                              7 	.optsdcc -mmcs51 --model-large
                              8 	
                              9 ;--------------------------------------------------------
                             10 ; Public variables in this module
                             11 ;--------------------------------------------------------
                             12 	.globl _AB4_LED2
                             13 	.globl _AB4_LED1
                             14 	.globl _AB4_SW2
                             15 	.globl _AB4_SW1
                             16 	.globl _SW2
                             17 	.globl _LED
                             18 	.globl _P7_7
                             19 	.globl _P7_6
                             20 	.globl _P7_5
                             21 	.globl _P7_4
                             22 	.globl _P7_3
                             23 	.globl _P7_2
                             24 	.globl _P7_1
                             25 	.globl _P7_0
                             26 	.globl _SPIF
                             27 	.globl _WCOL
                             28 	.globl _MODF
                             29 	.globl _RXOVRN
                             30 	.globl _NSSMD1
                             31 	.globl _NSSMD0
                             32 	.globl _TXBMT
                             33 	.globl _SPIEN
                             34 	.globl _P6_7
                             35 	.globl _P6_6
                             36 	.globl _P6_5
                             37 	.globl _P6_4
                             38 	.globl _P6_3
                             39 	.globl _P6_2
                             40 	.globl _P6_1
                             41 	.globl _P6_0
                             42 	.globl _AD2EN
                             43 	.globl _AD2TM
                             44 	.globl _AD2INT
                             45 	.globl _AD2BUSY
                             46 	.globl _AD2CM2
                             47 	.globl _AD2CM1
                             48 	.globl _AD2CM0
                             49 	.globl _AD2WINT
                             50 	.globl _AD0EN
                             51 	.globl _AD0TM
                             52 	.globl _AD0INT
                             53 	.globl _AD0BUSY
                             54 	.globl _AD0CM1
                             55 	.globl _AD0CM0
                             56 	.globl _AD0WINT
                             57 	.globl _AD0LJST
                             58 	.globl _P5_7
                             59 	.globl _P5_6
                             60 	.globl _P5_5
                             61 	.globl _P5_4
                             62 	.globl _P5_3
                             63 	.globl _P5_2
                             64 	.globl _P5_1
                             65 	.globl _P5_0
                             66 	.globl _CF
                             67 	.globl _CR
                             68 	.globl _CCF5
                             69 	.globl _CCF4
                             70 	.globl _CCF3
                             71 	.globl _CCF2
                             72 	.globl _CCF1
                             73 	.globl _CCF0
                             74 	.globl _CY
                             75 	.globl _AC
                             76 	.globl _F0
                             77 	.globl _RS1
                             78 	.globl _RS0
                             79 	.globl _OV
                             80 	.globl _F1
                             81 	.globl _P
                             82 	.globl _P4_7
                             83 	.globl _P4_6
                             84 	.globl _P4_5
                             85 	.globl _P4_4
                             86 	.globl _P4_3
                             87 	.globl _P4_2
                             88 	.globl _P4_1
                             89 	.globl _P4_0
                             90 	.globl _TF4
                             91 	.globl _EXF4
                             92 	.globl _EXEN4
                             93 	.globl _TR4
                             94 	.globl _CT4
                             95 	.globl _CPRL4
                             96 	.globl _TF3
                             97 	.globl _EXF3
                             98 	.globl _EXEN3
                             99 	.globl _TR3
                            100 	.globl _CT3
                            101 	.globl _CPRL3
                            102 	.globl _TF2
                            103 	.globl _EXF2
                            104 	.globl _EXEN2
                            105 	.globl _TR2
                            106 	.globl _CT2
                            107 	.globl _CPRL2
                            108 	.globl _MAC0HO
                            109 	.globl _MAC0Z
                            110 	.globl _MAC0SO
                            111 	.globl _MAC0N
                            112 	.globl _BUSY
                            113 	.globl _ENSMB
                            114 	.globl _STA
                            115 	.globl _STO
                            116 	.globl _SI
                            117 	.globl _AA
                            118 	.globl _SMBFTE
                            119 	.globl _SMBTOE
                            120 	.globl _PT2
                            121 	.globl _PS
                            122 	.globl _PS0
                            123 	.globl _PT1
                            124 	.globl _PX1
                            125 	.globl _PT0
                            126 	.globl _PX0
                            127 	.globl _P3_7
                            128 	.globl _P3_6
                            129 	.globl _P3_5
                            130 	.globl _P3_4
                            131 	.globl _P3_3
                            132 	.globl _P3_2
                            133 	.globl _P3_1
                            134 	.globl _P3_0
                            135 	.globl _EA
                            136 	.globl _ET2
                            137 	.globl _ES
                            138 	.globl _ES0
                            139 	.globl _ET1
                            140 	.globl _EX1
                            141 	.globl _ET0
                            142 	.globl _EX0
                            143 	.globl _P2_7
                            144 	.globl _P2_6
                            145 	.globl _P2_5
                            146 	.globl _P2_4
                            147 	.globl _P2_3
                            148 	.globl _P2_2
                            149 	.globl _P2_1
                            150 	.globl _P2_0
                            151 	.globl _S1MODE
                            152 	.globl _MCE1
                            153 	.globl _REN1
                            154 	.globl _TB81
                            155 	.globl _RB81
                            156 	.globl _TI1
                            157 	.globl _RI1
                            158 	.globl _SM00
                            159 	.globl _SM10
                            160 	.globl _SM20
                            161 	.globl _REN
                            162 	.globl _REN0
                            163 	.globl _TB80
                            164 	.globl _RB80
                            165 	.globl _TI
                            166 	.globl _TI0
                            167 	.globl _RI
                            168 	.globl _RI0
                            169 	.globl _P1_7
                            170 	.globl _P1_6
                            171 	.globl _P1_5
                            172 	.globl _P1_4
                            173 	.globl _P1_3
                            174 	.globl _P1_2
                            175 	.globl _P1_1
                            176 	.globl _P1_0
                            177 	.globl _FLHBUSY
                            178 	.globl _CP1EN
                            179 	.globl _CP1OUT
                            180 	.globl _CP1RIF
                            181 	.globl _CP1FIF
                            182 	.globl _CP1HYP1
                            183 	.globl _CP1HYP0
                            184 	.globl _CP1HYN1
                            185 	.globl _CP1HYN0
                            186 	.globl _CP0EN
                            187 	.globl _CP0OUT
                            188 	.globl _CP0RIF
                            189 	.globl _CP0FIF
                            190 	.globl _CP0HYP1
                            191 	.globl _CP0HYP0
                            192 	.globl _CP0HYN1
                            193 	.globl _CP0HYN0
                            194 	.globl _TF1
                            195 	.globl _TR1
                            196 	.globl _TF0
                            197 	.globl _TR0
                            198 	.globl _IE1
                            199 	.globl _IT1
                            200 	.globl _IE0
                            201 	.globl _IT0
                            202 	.globl _P0_7
                            203 	.globl _P0_6
                            204 	.globl _P0_5
                            205 	.globl _P0_4
                            206 	.globl _P0_3
                            207 	.globl _P0_2
                            208 	.globl _P0_1
                            209 	.globl _P0_0
                            210 	.globl _MAC0RND
                            211 	.globl _MAC0ACC
                            212 	.globl _MAC0A
                            213 	.globl _RCAP4
                            214 	.globl _TMR4
                            215 	.globl _DAC1
                            216 	.globl _RCAP3
                            217 	.globl _TMR3
                            218 	.globl _PCA0CP5
                            219 	.globl _PCA0CP4
                            220 	.globl _PCA0CP3
                            221 	.globl _PCA0CP2
                            222 	.globl _PCA0CP1
                            223 	.globl _PCA0CP0
                            224 	.globl _PCA0
                            225 	.globl _DAC0
                            226 	.globl _ADC0LT
                            227 	.globl _ADC0GT
                            228 	.globl _ADC0
                            229 	.globl _RCAP2
                            230 	.globl _TMR2
                            231 	.globl _TMR1
                            232 	.globl _TMR0
                            233 	.globl _P7
                            234 	.globl _P6
                            235 	.globl _XBR2
                            236 	.globl _XBR1
                            237 	.globl _XBR0
                            238 	.globl _P5
                            239 	.globl _P4
                            240 	.globl _FLACL
                            241 	.globl _P1MDIN
                            242 	.globl _P3MDOUT
                            243 	.globl _P2MDOUT
                            244 	.globl _P1MDOUT
                            245 	.globl _P0MDOUT
                            246 	.globl _CCH0LC
                            247 	.globl _CCH0TN
                            248 	.globl _CCH0CN
                            249 	.globl _P7MDOUT
                            250 	.globl _P6MDOUT
                            251 	.globl _P5MDOUT
                            252 	.globl _P4MDOUT
                            253 	.globl _CCH0MA
                            254 	.globl _CLKSEL
                            255 	.globl _SFRPGCN
                            256 	.globl _PLL0FLT
                            257 	.globl _PLL0MUL
                            258 	.globl _PLL0DIV
                            259 	.globl _OSCXCN
                            260 	.globl _OSCICL
                            261 	.globl _OSCICN
                            262 	.globl _PLL0CN
                            263 	.globl _FLSTAT
                            264 	.globl _MAC0RNDH
                            265 	.globl _MAC0RNDL
                            266 	.globl _MAC0CF
                            267 	.globl _MAC0AH
                            268 	.globl _MAC0AL
                            269 	.globl _MAC0STA
                            270 	.globl _MAC0OVR
                            271 	.globl _MAC0ACC3
                            272 	.globl _MAC0ACC2
                            273 	.globl _MAC0ACC1
                            274 	.globl _MAC0ACC0
                            275 	.globl _MAC0BH
                            276 	.globl _MAC0BL
                            277 	.globl _ADC2CN
                            278 	.globl _TMR4H
                            279 	.globl _TMR4L
                            280 	.globl _RCAP4H
                            281 	.globl _RCAP4L
                            282 	.globl _TMR4CF
                            283 	.globl _TMR4CN
                            284 	.globl _ADC2LT
                            285 	.globl _ADC2GT
                            286 	.globl _ADC2
                            287 	.globl _ADC2CF
                            288 	.globl _AMX2SL
                            289 	.globl _AMX2CF
                            290 	.globl _CPT1MD
                            291 	.globl _CPT1CN
                            292 	.globl _DAC1CN
                            293 	.globl _DAC1H
                            294 	.globl _DAC1L
                            295 	.globl _TMR3H
                            296 	.globl _TMR3L
                            297 	.globl _RCAP3H
                            298 	.globl _RCAP3L
                            299 	.globl _TMR3CF
                            300 	.globl _TMR3CN
                            301 	.globl _SBUF1
                            302 	.globl _SCON1
                            303 	.globl _CPT0MD
                            304 	.globl _CPT0CN
                            305 	.globl _PCA0CPH1
                            306 	.globl _PCA0CPL1
                            307 	.globl _PCA0CPH0
                            308 	.globl _PCA0CPL0
                            309 	.globl _PCA0H
                            310 	.globl _PCA0L
                            311 	.globl _SPI0CN
                            312 	.globl _RSTSRC
                            313 	.globl _PCA0CPH4
                            314 	.globl _PCA0CPL4
                            315 	.globl _PCA0CPH3
                            316 	.globl _PCA0CPL3
                            317 	.globl _PCA0CPH2
                            318 	.globl _PCA0CPL2
                            319 	.globl _ADC0CN
                            320 	.globl _PCA0CPH5
                            321 	.globl _PCA0CPL5
                            322 	.globl _PCA0CPM5
                            323 	.globl _PCA0CPM4
                            324 	.globl _PCA0CPM3
                            325 	.globl _PCA0CPM2
                            326 	.globl _PCA0CPM1
                            327 	.globl _PCA0CPM0
                            328 	.globl _PCA0MD
                            329 	.globl _PCA0CN
                            330 	.globl _DAC0CN
                            331 	.globl _DAC0H
                            332 	.globl _DAC0L
                            333 	.globl _REF0CN
                            334 	.globl _SMB0CR
                            335 	.globl _TH2
                            336 	.globl _TMR2H
                            337 	.globl _TL2
                            338 	.globl _TMR2L
                            339 	.globl _RCAP2H
                            340 	.globl _RCAP2L
                            341 	.globl _TMR2CF
                            342 	.globl _TMR2CN
                            343 	.globl _ADC0LTH
                            344 	.globl _ADC0LTL
                            345 	.globl _ADC0GTH
                            346 	.globl _ADC0GTL
                            347 	.globl _SMB0ADR
                            348 	.globl _SMB0DAT
                            349 	.globl _SMB0STA
                            350 	.globl _SMB0CN
                            351 	.globl _ADC0H
                            352 	.globl _ADC0L
                            353 	.globl _ADC0CF
                            354 	.globl _AMX0SL
                            355 	.globl _AMX0CF
                            356 	.globl _SADEN0
                            357 	.globl _FLSCL
                            358 	.globl _SADDR0
                            359 	.globl _EMI0CF
                            360 	.globl __XPAGE
                            361 	.globl _EMI0CN
                            362 	.globl _EMI0TC
                            363 	.globl _SPI0CKR
                            364 	.globl _SPI0DAT
                            365 	.globl _SPI0CFG
                            366 	.globl _SBUF
                            367 	.globl _SBUF0
                            368 	.globl _SCON
                            369 	.globl _SCON0
                            370 	.globl _SSTA0
                            371 	.globl _PSCTL
                            372 	.globl _CKCON
                            373 	.globl _TH1
                            374 	.globl _TH0
                            375 	.globl _TL1
                            376 	.globl _TL0
                            377 	.globl _TMOD
                            378 	.globl _TCON
                            379 	.globl _WDTCN
                            380 	.globl _EIP2
                            381 	.globl _EIP1
                            382 	.globl _B
                            383 	.globl _EIE2
                            384 	.globl _EIE1
                            385 	.globl _ACC
                            386 	.globl _PSW
                            387 	.globl _IP
                            388 	.globl _PSBANK
                            389 	.globl _P3
                            390 	.globl _IE
                            391 	.globl _P2
                            392 	.globl _P1
                            393 	.globl _PCON
                            394 	.globl _SFRLAST
                            395 	.globl _SFRNEXT
                            396 	.globl _SFRPAGE
                            397 	.globl _DPH
                            398 	.globl _DPL
                            399 	.globl _SP
                            400 	.globl _P0
                            401 	.globl _pvPortMalloc
                            402 	.globl _vPortFree
                            403 	.globl _vPortInitialiseBlocks
                            404 ;--------------------------------------------------------
                            405 ; special function registers
                            406 ;--------------------------------------------------------
                            407 	.area RSEG    (DATA)
                    0080    408 G$P0$0$0 == 0x0080
                    0080    409 _P0	=	0x0080
                    0081    410 G$SP$0$0 == 0x0081
                    0081    411 _SP	=	0x0081
                    0082    412 G$DPL$0$0 == 0x0082
                    0082    413 _DPL	=	0x0082
                    0083    414 G$DPH$0$0 == 0x0083
                    0083    415 _DPH	=	0x0083
                    0084    416 G$SFRPAGE$0$0 == 0x0084
                    0084    417 _SFRPAGE	=	0x0084
                    0085    418 G$SFRNEXT$0$0 == 0x0085
                    0085    419 _SFRNEXT	=	0x0085
                    0086    420 G$SFRLAST$0$0 == 0x0086
                    0086    421 _SFRLAST	=	0x0086
                    0087    422 G$PCON$0$0 == 0x0087
                    0087    423 _PCON	=	0x0087
                    0090    424 G$P1$0$0 == 0x0090
                    0090    425 _P1	=	0x0090
                    00A0    426 G$P2$0$0 == 0x00a0
                    00A0    427 _P2	=	0x00a0
                    00A8    428 G$IE$0$0 == 0x00a8
                    00A8    429 _IE	=	0x00a8
                    00B0    430 G$P3$0$0 == 0x00b0
                    00B0    431 _P3	=	0x00b0
                    00B1    432 G$PSBANK$0$0 == 0x00b1
                    00B1    433 _PSBANK	=	0x00b1
                    00B8    434 G$IP$0$0 == 0x00b8
                    00B8    435 _IP	=	0x00b8
                    00D0    436 G$PSW$0$0 == 0x00d0
                    00D0    437 _PSW	=	0x00d0
                    00E0    438 G$ACC$0$0 == 0x00e0
                    00E0    439 _ACC	=	0x00e0
                    00E6    440 G$EIE1$0$0 == 0x00e6
                    00E6    441 _EIE1	=	0x00e6
                    00E7    442 G$EIE2$0$0 == 0x00e7
                    00E7    443 _EIE2	=	0x00e7
                    00F0    444 G$B$0$0 == 0x00f0
                    00F0    445 _B	=	0x00f0
                    00F6    446 G$EIP1$0$0 == 0x00f6
                    00F6    447 _EIP1	=	0x00f6
                    00F7    448 G$EIP2$0$0 == 0x00f7
                    00F7    449 _EIP2	=	0x00f7
                    00FF    450 G$WDTCN$0$0 == 0x00ff
                    00FF    451 _WDTCN	=	0x00ff
                    0088    452 G$TCON$0$0 == 0x0088
                    0088    453 _TCON	=	0x0088
                    0089    454 G$TMOD$0$0 == 0x0089
                    0089    455 _TMOD	=	0x0089
                    008A    456 G$TL0$0$0 == 0x008a
                    008A    457 _TL0	=	0x008a
                    008B    458 G$TL1$0$0 == 0x008b
                    008B    459 _TL1	=	0x008b
                    008C    460 G$TH0$0$0 == 0x008c
                    008C    461 _TH0	=	0x008c
                    008D    462 G$TH1$0$0 == 0x008d
                    008D    463 _TH1	=	0x008d
                    008E    464 G$CKCON$0$0 == 0x008e
                    008E    465 _CKCON	=	0x008e
                    008F    466 G$PSCTL$0$0 == 0x008f
                    008F    467 _PSCTL	=	0x008f
                    0091    468 G$SSTA0$0$0 == 0x0091
                    0091    469 _SSTA0	=	0x0091
                    0098    470 G$SCON0$0$0 == 0x0098
                    0098    471 _SCON0	=	0x0098
                    0098    472 G$SCON$0$0 == 0x0098
                    0098    473 _SCON	=	0x0098
                    0099    474 G$SBUF0$0$0 == 0x0099
                    0099    475 _SBUF0	=	0x0099
                    0099    476 G$SBUF$0$0 == 0x0099
                    0099    477 _SBUF	=	0x0099
                    009A    478 G$SPI0CFG$0$0 == 0x009a
                    009A    479 _SPI0CFG	=	0x009a
                    009B    480 G$SPI0DAT$0$0 == 0x009b
                    009B    481 _SPI0DAT	=	0x009b
                    009D    482 G$SPI0CKR$0$0 == 0x009d
                    009D    483 _SPI0CKR	=	0x009d
                    00A1    484 G$EMI0TC$0$0 == 0x00a1
                    00A1    485 _EMI0TC	=	0x00a1
                    00A2    486 G$EMI0CN$0$0 == 0x00a2
                    00A2    487 _EMI0CN	=	0x00a2
                    00A2    488 G$_XPAGE$0$0 == 0x00a2
                    00A2    489 __XPAGE	=	0x00a2
                    00A3    490 G$EMI0CF$0$0 == 0x00a3
                    00A3    491 _EMI0CF	=	0x00a3
                    00A9    492 G$SADDR0$0$0 == 0x00a9
                    00A9    493 _SADDR0	=	0x00a9
                    00B7    494 G$FLSCL$0$0 == 0x00b7
                    00B7    495 _FLSCL	=	0x00b7
                    00B9    496 G$SADEN0$0$0 == 0x00b9
                    00B9    497 _SADEN0	=	0x00b9
                    00BA    498 G$AMX0CF$0$0 == 0x00ba
                    00BA    499 _AMX0CF	=	0x00ba
                    00BB    500 G$AMX0SL$0$0 == 0x00bb
                    00BB    501 _AMX0SL	=	0x00bb
                    00BC    502 G$ADC0CF$0$0 == 0x00bc
                    00BC    503 _ADC0CF	=	0x00bc
                    00BE    504 G$ADC0L$0$0 == 0x00be
                    00BE    505 _ADC0L	=	0x00be
                    00BF    506 G$ADC0H$0$0 == 0x00bf
                    00BF    507 _ADC0H	=	0x00bf
                    00C0    508 G$SMB0CN$0$0 == 0x00c0
                    00C0    509 _SMB0CN	=	0x00c0
                    00C1    510 G$SMB0STA$0$0 == 0x00c1
                    00C1    511 _SMB0STA	=	0x00c1
                    00C2    512 G$SMB0DAT$0$0 == 0x00c2
                    00C2    513 _SMB0DAT	=	0x00c2
                    00C3    514 G$SMB0ADR$0$0 == 0x00c3
                    00C3    515 _SMB0ADR	=	0x00c3
                    00C4    516 G$ADC0GTL$0$0 == 0x00c4
                    00C4    517 _ADC0GTL	=	0x00c4
                    00C5    518 G$ADC0GTH$0$0 == 0x00c5
                    00C5    519 _ADC0GTH	=	0x00c5
                    00C6    520 G$ADC0LTL$0$0 == 0x00c6
                    00C6    521 _ADC0LTL	=	0x00c6
                    00C7    522 G$ADC0LTH$0$0 == 0x00c7
                    00C7    523 _ADC0LTH	=	0x00c7
                    00C8    524 G$TMR2CN$0$0 == 0x00c8
                    00C8    525 _TMR2CN	=	0x00c8
                    00C9    526 G$TMR2CF$0$0 == 0x00c9
                    00C9    527 _TMR2CF	=	0x00c9
                    00CA    528 G$RCAP2L$0$0 == 0x00ca
                    00CA    529 _RCAP2L	=	0x00ca
                    00CB    530 G$RCAP2H$0$0 == 0x00cb
                    00CB    531 _RCAP2H	=	0x00cb
                    00CC    532 G$TMR2L$0$0 == 0x00cc
                    00CC    533 _TMR2L	=	0x00cc
                    00CC    534 G$TL2$0$0 == 0x00cc
                    00CC    535 _TL2	=	0x00cc
                    00CD    536 G$TMR2H$0$0 == 0x00cd
                    00CD    537 _TMR2H	=	0x00cd
                    00CD    538 G$TH2$0$0 == 0x00cd
                    00CD    539 _TH2	=	0x00cd
                    00CF    540 G$SMB0CR$0$0 == 0x00cf
                    00CF    541 _SMB0CR	=	0x00cf
                    00D1    542 G$REF0CN$0$0 == 0x00d1
                    00D1    543 _REF0CN	=	0x00d1
                    00D2    544 G$DAC0L$0$0 == 0x00d2
                    00D2    545 _DAC0L	=	0x00d2
                    00D3    546 G$DAC0H$0$0 == 0x00d3
                    00D3    547 _DAC0H	=	0x00d3
                    00D4    548 G$DAC0CN$0$0 == 0x00d4
                    00D4    549 _DAC0CN	=	0x00d4
                    00D8    550 G$PCA0CN$0$0 == 0x00d8
                    00D8    551 _PCA0CN	=	0x00d8
                    00D9    552 G$PCA0MD$0$0 == 0x00d9
                    00D9    553 _PCA0MD	=	0x00d9
                    00DA    554 G$PCA0CPM0$0$0 == 0x00da
                    00DA    555 _PCA0CPM0	=	0x00da
                    00DB    556 G$PCA0CPM1$0$0 == 0x00db
                    00DB    557 _PCA0CPM1	=	0x00db
                    00DC    558 G$PCA0CPM2$0$0 == 0x00dc
                    00DC    559 _PCA0CPM2	=	0x00dc
                    00DD    560 G$PCA0CPM3$0$0 == 0x00dd
                    00DD    561 _PCA0CPM3	=	0x00dd
                    00DE    562 G$PCA0CPM4$0$0 == 0x00de
                    00DE    563 _PCA0CPM4	=	0x00de
                    00DF    564 G$PCA0CPM5$0$0 == 0x00df
                    00DF    565 _PCA0CPM5	=	0x00df
                    00E1    566 G$PCA0CPL5$0$0 == 0x00e1
                    00E1    567 _PCA0CPL5	=	0x00e1
                    00E2    568 G$PCA0CPH5$0$0 == 0x00e2
                    00E2    569 _PCA0CPH5	=	0x00e2
                    00E8    570 G$ADC0CN$0$0 == 0x00e8
                    00E8    571 _ADC0CN	=	0x00e8
                    00E9    572 G$PCA0CPL2$0$0 == 0x00e9
                    00E9    573 _PCA0CPL2	=	0x00e9
                    00EA    574 G$PCA0CPH2$0$0 == 0x00ea
                    00EA    575 _PCA0CPH2	=	0x00ea
                    00EB    576 G$PCA0CPL3$0$0 == 0x00eb
                    00EB    577 _PCA0CPL3	=	0x00eb
                    00EC    578 G$PCA0CPH3$0$0 == 0x00ec
                    00EC    579 _PCA0CPH3	=	0x00ec
                    00ED    580 G$PCA0CPL4$0$0 == 0x00ed
                    00ED    581 _PCA0CPL4	=	0x00ed
                    00EE    582 G$PCA0CPH4$0$0 == 0x00ee
                    00EE    583 _PCA0CPH4	=	0x00ee
                    00EF    584 G$RSTSRC$0$0 == 0x00ef
                    00EF    585 _RSTSRC	=	0x00ef
                    00F8    586 G$SPI0CN$0$0 == 0x00f8
                    00F8    587 _SPI0CN	=	0x00f8
                    00F9    588 G$PCA0L$0$0 == 0x00f9
                    00F9    589 _PCA0L	=	0x00f9
                    00FA    590 G$PCA0H$0$0 == 0x00fa
                    00FA    591 _PCA0H	=	0x00fa
                    00FB    592 G$PCA0CPL0$0$0 == 0x00fb
                    00FB    593 _PCA0CPL0	=	0x00fb
                    00FC    594 G$PCA0CPH0$0$0 == 0x00fc
                    00FC    595 _PCA0CPH0	=	0x00fc
                    00FD    596 G$PCA0CPL1$0$0 == 0x00fd
                    00FD    597 _PCA0CPL1	=	0x00fd
                    00FE    598 G$PCA0CPH1$0$0 == 0x00fe
                    00FE    599 _PCA0CPH1	=	0x00fe
                    0088    600 G$CPT0CN$0$0 == 0x0088
                    0088    601 _CPT0CN	=	0x0088
                    0089    602 G$CPT0MD$0$0 == 0x0089
                    0089    603 _CPT0MD	=	0x0089
                    0098    604 G$SCON1$0$0 == 0x0098
                    0098    605 _SCON1	=	0x0098
                    0099    606 G$SBUF1$0$0 == 0x0099
                    0099    607 _SBUF1	=	0x0099
                    00C8    608 G$TMR3CN$0$0 == 0x00c8
                    00C8    609 _TMR3CN	=	0x00c8
                    00C9    610 G$TMR3CF$0$0 == 0x00c9
                    00C9    611 _TMR3CF	=	0x00c9
                    00CA    612 G$RCAP3L$0$0 == 0x00ca
                    00CA    613 _RCAP3L	=	0x00ca
                    00CB    614 G$RCAP3H$0$0 == 0x00cb
                    00CB    615 _RCAP3H	=	0x00cb
                    00CC    616 G$TMR3L$0$0 == 0x00cc
                    00CC    617 _TMR3L	=	0x00cc
                    00CD    618 G$TMR3H$0$0 == 0x00cd
                    00CD    619 _TMR3H	=	0x00cd
                    00D2    620 G$DAC1L$0$0 == 0x00d2
                    00D2    621 _DAC1L	=	0x00d2
                    00D3    622 G$DAC1H$0$0 == 0x00d3
                    00D3    623 _DAC1H	=	0x00d3
                    00D4    624 G$DAC1CN$0$0 == 0x00d4
                    00D4    625 _DAC1CN	=	0x00d4
                    0088    626 G$CPT1CN$0$0 == 0x0088
                    0088    627 _CPT1CN	=	0x0088
                    0089    628 G$CPT1MD$0$0 == 0x0089
                    0089    629 _CPT1MD	=	0x0089
                    00BA    630 G$AMX2CF$0$0 == 0x00ba
                    00BA    631 _AMX2CF	=	0x00ba
                    00BB    632 G$AMX2SL$0$0 == 0x00bb
                    00BB    633 _AMX2SL	=	0x00bb
                    00BC    634 G$ADC2CF$0$0 == 0x00bc
                    00BC    635 _ADC2CF	=	0x00bc
                    00BE    636 G$ADC2$0$0 == 0x00be
                    00BE    637 _ADC2	=	0x00be
                    00C4    638 G$ADC2GT$0$0 == 0x00c4
                    00C4    639 _ADC2GT	=	0x00c4
                    00C6    640 G$ADC2LT$0$0 == 0x00c6
                    00C6    641 _ADC2LT	=	0x00c6
                    00C8    642 G$TMR4CN$0$0 == 0x00c8
                    00C8    643 _TMR4CN	=	0x00c8
                    00C9    644 G$TMR4CF$0$0 == 0x00c9
                    00C9    645 _TMR4CF	=	0x00c9
                    00CA    646 G$RCAP4L$0$0 == 0x00ca
                    00CA    647 _RCAP4L	=	0x00ca
                    00CB    648 G$RCAP4H$0$0 == 0x00cb
                    00CB    649 _RCAP4H	=	0x00cb
                    00CC    650 G$TMR4L$0$0 == 0x00cc
                    00CC    651 _TMR4L	=	0x00cc
                    00CD    652 G$TMR4H$0$0 == 0x00cd
                    00CD    653 _TMR4H	=	0x00cd
                    00E8    654 G$ADC2CN$0$0 == 0x00e8
                    00E8    655 _ADC2CN	=	0x00e8
                    0091    656 G$MAC0BL$0$0 == 0x0091
                    0091    657 _MAC0BL	=	0x0091
                    0092    658 G$MAC0BH$0$0 == 0x0092
                    0092    659 _MAC0BH	=	0x0092
                    0093    660 G$MAC0ACC0$0$0 == 0x0093
                    0093    661 _MAC0ACC0	=	0x0093
                    0094    662 G$MAC0ACC1$0$0 == 0x0094
                    0094    663 _MAC0ACC1	=	0x0094
                    0095    664 G$MAC0ACC2$0$0 == 0x0095
                    0095    665 _MAC0ACC2	=	0x0095
                    0096    666 G$MAC0ACC3$0$0 == 0x0096
                    0096    667 _MAC0ACC3	=	0x0096
                    0097    668 G$MAC0OVR$0$0 == 0x0097
                    0097    669 _MAC0OVR	=	0x0097
                    00C0    670 G$MAC0STA$0$0 == 0x00c0
                    00C0    671 _MAC0STA	=	0x00c0
                    00C1    672 G$MAC0AL$0$0 == 0x00c1
                    00C1    673 _MAC0AL	=	0x00c1
                    00C2    674 G$MAC0AH$0$0 == 0x00c2
                    00C2    675 _MAC0AH	=	0x00c2
                    00C3    676 G$MAC0CF$0$0 == 0x00c3
                    00C3    677 _MAC0CF	=	0x00c3
                    00CE    678 G$MAC0RNDL$0$0 == 0x00ce
                    00CE    679 _MAC0RNDL	=	0x00ce
                    00CF    680 G$MAC0RNDH$0$0 == 0x00cf
                    00CF    681 _MAC0RNDH	=	0x00cf
                    0088    682 G$FLSTAT$0$0 == 0x0088
                    0088    683 _FLSTAT	=	0x0088
                    0089    684 G$PLL0CN$0$0 == 0x0089
                    0089    685 _PLL0CN	=	0x0089
                    008A    686 G$OSCICN$0$0 == 0x008a
                    008A    687 _OSCICN	=	0x008a
                    008B    688 G$OSCICL$0$0 == 0x008b
                    008B    689 _OSCICL	=	0x008b
                    008C    690 G$OSCXCN$0$0 == 0x008c
                    008C    691 _OSCXCN	=	0x008c
                    008D    692 G$PLL0DIV$0$0 == 0x008d
                    008D    693 _PLL0DIV	=	0x008d
                    008E    694 G$PLL0MUL$0$0 == 0x008e
                    008E    695 _PLL0MUL	=	0x008e
                    008F    696 G$PLL0FLT$0$0 == 0x008f
                    008F    697 _PLL0FLT	=	0x008f
                    0096    698 G$SFRPGCN$0$0 == 0x0096
                    0096    699 _SFRPGCN	=	0x0096
                    0097    700 G$CLKSEL$0$0 == 0x0097
                    0097    701 _CLKSEL	=	0x0097
                    009A    702 G$CCH0MA$0$0 == 0x009a
                    009A    703 _CCH0MA	=	0x009a
                    009C    704 G$P4MDOUT$0$0 == 0x009c
                    009C    705 _P4MDOUT	=	0x009c
                    009D    706 G$P5MDOUT$0$0 == 0x009d
                    009D    707 _P5MDOUT	=	0x009d
                    009E    708 G$P6MDOUT$0$0 == 0x009e
                    009E    709 _P6MDOUT	=	0x009e
                    009F    710 G$P7MDOUT$0$0 == 0x009f
                    009F    711 _P7MDOUT	=	0x009f
                    00A1    712 G$CCH0CN$0$0 == 0x00a1
                    00A1    713 _CCH0CN	=	0x00a1
                    00A2    714 G$CCH0TN$0$0 == 0x00a2
                    00A2    715 _CCH0TN	=	0x00a2
                    00A3    716 G$CCH0LC$0$0 == 0x00a3
                    00A3    717 _CCH0LC	=	0x00a3
                    00A4    718 G$P0MDOUT$0$0 == 0x00a4
                    00A4    719 _P0MDOUT	=	0x00a4
                    00A5    720 G$P1MDOUT$0$0 == 0x00a5
                    00A5    721 _P1MDOUT	=	0x00a5
                    00A6    722 G$P2MDOUT$0$0 == 0x00a6
                    00A6    723 _P2MDOUT	=	0x00a6
                    00A7    724 G$P3MDOUT$0$0 == 0x00a7
                    00A7    725 _P3MDOUT	=	0x00a7
                    00AD    726 G$P1MDIN$0$0 == 0x00ad
                    00AD    727 _P1MDIN	=	0x00ad
                    00B7    728 G$FLACL$0$0 == 0x00b7
                    00B7    729 _FLACL	=	0x00b7
                    00C8    730 G$P4$0$0 == 0x00c8
                    00C8    731 _P4	=	0x00c8
                    00D8    732 G$P5$0$0 == 0x00d8
                    00D8    733 _P5	=	0x00d8
                    00E1    734 G$XBR0$0$0 == 0x00e1
                    00E1    735 _XBR0	=	0x00e1
                    00E2    736 G$XBR1$0$0 == 0x00e2
                    00E2    737 _XBR1	=	0x00e2
                    00E3    738 G$XBR2$0$0 == 0x00e3
                    00E3    739 _XBR2	=	0x00e3
                    00E8    740 G$P6$0$0 == 0x00e8
                    00E8    741 _P6	=	0x00e8
                    00F8    742 G$P7$0$0 == 0x00f8
                    00F8    743 _P7	=	0x00f8
                    8C8A    744 G$TMR0$0$0 == 0x8c8a
                    8C8A    745 _TMR0	=	0x8c8a
                    8D8B    746 G$TMR1$0$0 == 0x8d8b
                    8D8B    747 _TMR1	=	0x8d8b
                    CDCC    748 G$TMR2$0$0 == 0xcdcc
                    CDCC    749 _TMR2	=	0xcdcc
                    CBCA    750 G$RCAP2$0$0 == 0xcbca
                    CBCA    751 _RCAP2	=	0xcbca
                    BFBE    752 G$ADC0$0$0 == 0xbfbe
                    BFBE    753 _ADC0	=	0xbfbe
                    C5C4    754 G$ADC0GT$0$0 == 0xc5c4
                    C5C4    755 _ADC0GT	=	0xc5c4
                    C7C6    756 G$ADC0LT$0$0 == 0xc7c6
                    C7C6    757 _ADC0LT	=	0xc7c6
                    D3D2    758 G$DAC0$0$0 == 0xd3d2
                    D3D2    759 _DAC0	=	0xd3d2
                    FAF9    760 G$PCA0$0$0 == 0xfaf9
                    FAF9    761 _PCA0	=	0xfaf9
                    FCFB    762 G$PCA0CP0$0$0 == 0xfcfb
                    FCFB    763 _PCA0CP0	=	0xfcfb
                    FEFD    764 G$PCA0CP1$0$0 == 0xfefd
                    FEFD    765 _PCA0CP1	=	0xfefd
                    EAE9    766 G$PCA0CP2$0$0 == 0xeae9
                    EAE9    767 _PCA0CP2	=	0xeae9
                    ECEB    768 G$PCA0CP3$0$0 == 0xeceb
                    ECEB    769 _PCA0CP3	=	0xeceb
                    EEED    770 G$PCA0CP4$0$0 == 0xeeed
                    EEED    771 _PCA0CP4	=	0xeeed
                    E2E1    772 G$PCA0CP5$0$0 == 0xe2e1
                    E2E1    773 _PCA0CP5	=	0xe2e1
                    CDCC    774 G$TMR3$0$0 == 0xcdcc
                    CDCC    775 _TMR3	=	0xcdcc
                    CBCA    776 G$RCAP3$0$0 == 0xcbca
                    CBCA    777 _RCAP3	=	0xcbca
                    D3D2    778 G$DAC1$0$0 == 0xd3d2
                    D3D2    779 _DAC1	=	0xd3d2
                    CDCC    780 G$TMR4$0$0 == 0xcdcc
                    CDCC    781 _TMR4	=	0xcdcc
                    CBCA    782 G$RCAP4$0$0 == 0xcbca
                    CBCA    783 _RCAP4	=	0xcbca
                    C2C1    784 G$MAC0A$0$0 == 0xc2c1
                    C2C1    785 _MAC0A	=	0xc2c1
                    96959493    786 G$MAC0ACC$0$0 == 0x96959493
                    96959493    787 _MAC0ACC	=	0x96959493
                    CFCE    788 G$MAC0RND$0$0 == 0xcfce
                    CFCE    789 _MAC0RND	=	0xcfce
                            790 ;--------------------------------------------------------
                            791 ; special function bits
                            792 ;--------------------------------------------------------
                            793 	.area RSEG    (DATA)
                    0080    794 G$P0_0$0$0 == 0x0080
                    0080    795 _P0_0	=	0x0080
                    0081    796 G$P0_1$0$0 == 0x0081
                    0081    797 _P0_1	=	0x0081
                    0082    798 G$P0_2$0$0 == 0x0082
                    0082    799 _P0_2	=	0x0082
                    0083    800 G$P0_3$0$0 == 0x0083
                    0083    801 _P0_3	=	0x0083
                    0084    802 G$P0_4$0$0 == 0x0084
                    0084    803 _P0_4	=	0x0084
                    0085    804 G$P0_5$0$0 == 0x0085
                    0085    805 _P0_5	=	0x0085
                    0086    806 G$P0_6$0$0 == 0x0086
                    0086    807 _P0_6	=	0x0086
                    0087    808 G$P0_7$0$0 == 0x0087
                    0087    809 _P0_7	=	0x0087
                    0088    810 G$IT0$0$0 == 0x0088
                    0088    811 _IT0	=	0x0088
                    0089    812 G$IE0$0$0 == 0x0089
                    0089    813 _IE0	=	0x0089
                    008A    814 G$IT1$0$0 == 0x008a
                    008A    815 _IT1	=	0x008a
                    008B    816 G$IE1$0$0 == 0x008b
                    008B    817 _IE1	=	0x008b
                    008C    818 G$TR0$0$0 == 0x008c
                    008C    819 _TR0	=	0x008c
                    008D    820 G$TF0$0$0 == 0x008d
                    008D    821 _TF0	=	0x008d
                    008E    822 G$TR1$0$0 == 0x008e
                    008E    823 _TR1	=	0x008e
                    008F    824 G$TF1$0$0 == 0x008f
                    008F    825 _TF1	=	0x008f
                    0088    826 G$CP0HYN0$0$0 == 0x0088
                    0088    827 _CP0HYN0	=	0x0088
                    0089    828 G$CP0HYN1$0$0 == 0x0089
                    0089    829 _CP0HYN1	=	0x0089
                    008A    830 G$CP0HYP0$0$0 == 0x008a
                    008A    831 _CP0HYP0	=	0x008a
                    008B    832 G$CP0HYP1$0$0 == 0x008b
                    008B    833 _CP0HYP1	=	0x008b
                    008C    834 G$CP0FIF$0$0 == 0x008c
                    008C    835 _CP0FIF	=	0x008c
                    008D    836 G$CP0RIF$0$0 == 0x008d
                    008D    837 _CP0RIF	=	0x008d
                    008E    838 G$CP0OUT$0$0 == 0x008e
                    008E    839 _CP0OUT	=	0x008e
                    008F    840 G$CP0EN$0$0 == 0x008f
                    008F    841 _CP0EN	=	0x008f
                    0088    842 G$CP1HYN0$0$0 == 0x0088
                    0088    843 _CP1HYN0	=	0x0088
                    0089    844 G$CP1HYN1$0$0 == 0x0089
                    0089    845 _CP1HYN1	=	0x0089
                    008A    846 G$CP1HYP0$0$0 == 0x008a
                    008A    847 _CP1HYP0	=	0x008a
                    008B    848 G$CP1HYP1$0$0 == 0x008b
                    008B    849 _CP1HYP1	=	0x008b
                    008C    850 G$CP1FIF$0$0 == 0x008c
                    008C    851 _CP1FIF	=	0x008c
                    008D    852 G$CP1RIF$0$0 == 0x008d
                    008D    853 _CP1RIF	=	0x008d
                    008E    854 G$CP1OUT$0$0 == 0x008e
                    008E    855 _CP1OUT	=	0x008e
                    008F    856 G$CP1EN$0$0 == 0x008f
                    008F    857 _CP1EN	=	0x008f
                    0088    858 G$FLHBUSY$0$0 == 0x0088
                    0088    859 _FLHBUSY	=	0x0088
                    0090    860 G$P1_0$0$0 == 0x0090
                    0090    861 _P1_0	=	0x0090
                    0091    862 G$P1_1$0$0 == 0x0091
                    0091    863 _P1_1	=	0x0091
                    0092    864 G$P1_2$0$0 == 0x0092
                    0092    865 _P1_2	=	0x0092
                    0093    866 G$P1_3$0$0 == 0x0093
                    0093    867 _P1_3	=	0x0093
                    0094    868 G$P1_4$0$0 == 0x0094
                    0094    869 _P1_4	=	0x0094
                    0095    870 G$P1_5$0$0 == 0x0095
                    0095    871 _P1_5	=	0x0095
                    0096    872 G$P1_6$0$0 == 0x0096
                    0096    873 _P1_6	=	0x0096
                    0097    874 G$P1_7$0$0 == 0x0097
                    0097    875 _P1_7	=	0x0097
                    0098    876 G$RI0$0$0 == 0x0098
                    0098    877 _RI0	=	0x0098
                    0098    878 G$RI$0$0 == 0x0098
                    0098    879 _RI	=	0x0098
                    0099    880 G$TI0$0$0 == 0x0099
                    0099    881 _TI0	=	0x0099
                    0099    882 G$TI$0$0 == 0x0099
                    0099    883 _TI	=	0x0099
                    009A    884 G$RB80$0$0 == 0x009a
                    009A    885 _RB80	=	0x009a
                    009B    886 G$TB80$0$0 == 0x009b
                    009B    887 _TB80	=	0x009b
                    009C    888 G$REN0$0$0 == 0x009c
                    009C    889 _REN0	=	0x009c
                    009C    890 G$REN$0$0 == 0x009c
                    009C    891 _REN	=	0x009c
                    009D    892 G$SM20$0$0 == 0x009d
                    009D    893 _SM20	=	0x009d
                    009E    894 G$SM10$0$0 == 0x009e
                    009E    895 _SM10	=	0x009e
                    009F    896 G$SM00$0$0 == 0x009f
                    009F    897 _SM00	=	0x009f
                    0098    898 G$RI1$0$0 == 0x0098
                    0098    899 _RI1	=	0x0098
                    0099    900 G$TI1$0$0 == 0x0099
                    0099    901 _TI1	=	0x0099
                    009A    902 G$RB81$0$0 == 0x009a
                    009A    903 _RB81	=	0x009a
                    009B    904 G$TB81$0$0 == 0x009b
                    009B    905 _TB81	=	0x009b
                    009C    906 G$REN1$0$0 == 0x009c
                    009C    907 _REN1	=	0x009c
                    009D    908 G$MCE1$0$0 == 0x009d
                    009D    909 _MCE1	=	0x009d
                    009F    910 G$S1MODE$0$0 == 0x009f
                    009F    911 _S1MODE	=	0x009f
                    00A0    912 G$P2_0$0$0 == 0x00a0
                    00A0    913 _P2_0	=	0x00a0
                    00A1    914 G$P2_1$0$0 == 0x00a1
                    00A1    915 _P2_1	=	0x00a1
                    00A2    916 G$P2_2$0$0 == 0x00a2
                    00A2    917 _P2_2	=	0x00a2
                    00A3    918 G$P2_3$0$0 == 0x00a3
                    00A3    919 _P2_3	=	0x00a3
                    00A4    920 G$P2_4$0$0 == 0x00a4
                    00A4    921 _P2_4	=	0x00a4
                    00A5    922 G$P2_5$0$0 == 0x00a5
                    00A5    923 _P2_5	=	0x00a5
                    00A6    924 G$P2_6$0$0 == 0x00a6
                    00A6    925 _P2_6	=	0x00a6
                    00A7    926 G$P2_7$0$0 == 0x00a7
                    00A7    927 _P2_7	=	0x00a7
                    00A8    928 G$EX0$0$0 == 0x00a8
                    00A8    929 _EX0	=	0x00a8
                    00A9    930 G$ET0$0$0 == 0x00a9
                    00A9    931 _ET0	=	0x00a9
                    00AA    932 G$EX1$0$0 == 0x00aa
                    00AA    933 _EX1	=	0x00aa
                    00AB    934 G$ET1$0$0 == 0x00ab
                    00AB    935 _ET1	=	0x00ab
                    00AC    936 G$ES0$0$0 == 0x00ac
                    00AC    937 _ES0	=	0x00ac
                    00AC    938 G$ES$0$0 == 0x00ac
                    00AC    939 _ES	=	0x00ac
                    00AD    940 G$ET2$0$0 == 0x00ad
                    00AD    941 _ET2	=	0x00ad
                    00AF    942 G$EA$0$0 == 0x00af
                    00AF    943 _EA	=	0x00af
                    00B0    944 G$P3_0$0$0 == 0x00b0
                    00B0    945 _P3_0	=	0x00b0
                    00B1    946 G$P3_1$0$0 == 0x00b1
                    00B1    947 _P3_1	=	0x00b1
                    00B2    948 G$P3_2$0$0 == 0x00b2
                    00B2    949 _P3_2	=	0x00b2
                    00B3    950 G$P3_3$0$0 == 0x00b3
                    00B3    951 _P3_3	=	0x00b3
                    00B4    952 G$P3_4$0$0 == 0x00b4
                    00B4    953 _P3_4	=	0x00b4
                    00B5    954 G$P3_5$0$0 == 0x00b5
                    00B5    955 _P3_5	=	0x00b5
                    00B6    956 G$P3_6$0$0 == 0x00b6
                    00B6    957 _P3_6	=	0x00b6
                    00B7    958 G$P3_7$0$0 == 0x00b7
                    00B7    959 _P3_7	=	0x00b7
                    00B8    960 G$PX0$0$0 == 0x00b8
                    00B8    961 _PX0	=	0x00b8
                    00B9    962 G$PT0$0$0 == 0x00b9
                    00B9    963 _PT0	=	0x00b9
                    00BA    964 G$PX1$0$0 == 0x00ba
                    00BA    965 _PX1	=	0x00ba
                    00BB    966 G$PT1$0$0 == 0x00bb
                    00BB    967 _PT1	=	0x00bb
                    00BC    968 G$PS0$0$0 == 0x00bc
                    00BC    969 _PS0	=	0x00bc
                    00BC    970 G$PS$0$0 == 0x00bc
                    00BC    971 _PS	=	0x00bc
                    00BD    972 G$PT2$0$0 == 0x00bd
                    00BD    973 _PT2	=	0x00bd
                    00C0    974 G$SMBTOE$0$0 == 0x00c0
                    00C0    975 _SMBTOE	=	0x00c0
                    00C1    976 G$SMBFTE$0$0 == 0x00c1
                    00C1    977 _SMBFTE	=	0x00c1
                    00C2    978 G$AA$0$0 == 0x00c2
                    00C2    979 _AA	=	0x00c2
                    00C3    980 G$SI$0$0 == 0x00c3
                    00C3    981 _SI	=	0x00c3
                    00C4    982 G$STO$0$0 == 0x00c4
                    00C4    983 _STO	=	0x00c4
                    00C5    984 G$STA$0$0 == 0x00c5
                    00C5    985 _STA	=	0x00c5
                    00C6    986 G$ENSMB$0$0 == 0x00c6
                    00C6    987 _ENSMB	=	0x00c6
                    00C7    988 G$BUSY$0$0 == 0x00c7
                    00C7    989 _BUSY	=	0x00c7
                    00C0    990 G$MAC0N$0$0 == 0x00c0
                    00C0    991 _MAC0N	=	0x00c0
                    00C1    992 G$MAC0SO$0$0 == 0x00c1
                    00C1    993 _MAC0SO	=	0x00c1
                    00C2    994 G$MAC0Z$0$0 == 0x00c2
                    00C2    995 _MAC0Z	=	0x00c2
                    00C3    996 G$MAC0HO$0$0 == 0x00c3
                    00C3    997 _MAC0HO	=	0x00c3
                    00C8    998 G$CPRL2$0$0 == 0x00c8
                    00C8    999 _CPRL2	=	0x00c8
                    00C9   1000 G$CT2$0$0 == 0x00c9
                    00C9   1001 _CT2	=	0x00c9
                    00CA   1002 G$TR2$0$0 == 0x00ca
                    00CA   1003 _TR2	=	0x00ca
                    00CB   1004 G$EXEN2$0$0 == 0x00cb
                    00CB   1005 _EXEN2	=	0x00cb
                    00CE   1006 G$EXF2$0$0 == 0x00ce
                    00CE   1007 _EXF2	=	0x00ce
                    00CF   1008 G$TF2$0$0 == 0x00cf
                    00CF   1009 _TF2	=	0x00cf
                    00C8   1010 G$CPRL3$0$0 == 0x00c8
                    00C8   1011 _CPRL3	=	0x00c8
                    00C9   1012 G$CT3$0$0 == 0x00c9
                    00C9   1013 _CT3	=	0x00c9
                    00CA   1014 G$TR3$0$0 == 0x00ca
                    00CA   1015 _TR3	=	0x00ca
                    00CB   1016 G$EXEN3$0$0 == 0x00cb
                    00CB   1017 _EXEN3	=	0x00cb
                    00CE   1018 G$EXF3$0$0 == 0x00ce
                    00CE   1019 _EXF3	=	0x00ce
                    00CF   1020 G$TF3$0$0 == 0x00cf
                    00CF   1021 _TF3	=	0x00cf
                    00C8   1022 G$CPRL4$0$0 == 0x00c8
                    00C8   1023 _CPRL4	=	0x00c8
                    00C9   1024 G$CT4$0$0 == 0x00c9
                    00C9   1025 _CT4	=	0x00c9
                    00CA   1026 G$TR4$0$0 == 0x00ca
                    00CA   1027 _TR4	=	0x00ca
                    00CB   1028 G$EXEN4$0$0 == 0x00cb
                    00CB   1029 _EXEN4	=	0x00cb
                    00CE   1030 G$EXF4$0$0 == 0x00ce
                    00CE   1031 _EXF4	=	0x00ce
                    00CF   1032 G$TF4$0$0 == 0x00cf
                    00CF   1033 _TF4	=	0x00cf
                    00C8   1034 G$P4_0$0$0 == 0x00c8
                    00C8   1035 _P4_0	=	0x00c8
                    00C9   1036 G$P4_1$0$0 == 0x00c9
                    00C9   1037 _P4_1	=	0x00c9
                    00CA   1038 G$P4_2$0$0 == 0x00ca
                    00CA   1039 _P4_2	=	0x00ca
                    00CB   1040 G$P4_3$0$0 == 0x00cb
                    00CB   1041 _P4_3	=	0x00cb
                    00CC   1042 G$P4_4$0$0 == 0x00cc
                    00CC   1043 _P4_4	=	0x00cc
                    00CD   1044 G$P4_5$0$0 == 0x00cd
                    00CD   1045 _P4_5	=	0x00cd
                    00CE   1046 G$P4_6$0$0 == 0x00ce
                    00CE   1047 _P4_6	=	0x00ce
                    00CF   1048 G$P4_7$0$0 == 0x00cf
                    00CF   1049 _P4_7	=	0x00cf
                    00D0   1050 G$P$0$0 == 0x00d0
                    00D0   1051 _P	=	0x00d0
                    00D1   1052 G$F1$0$0 == 0x00d1
                    00D1   1053 _F1	=	0x00d1
                    00D2   1054 G$OV$0$0 == 0x00d2
                    00D2   1055 _OV	=	0x00d2
                    00D3   1056 G$RS0$0$0 == 0x00d3
                    00D3   1057 _RS0	=	0x00d3
                    00D4   1058 G$RS1$0$0 == 0x00d4
                    00D4   1059 _RS1	=	0x00d4
                    00D5   1060 G$F0$0$0 == 0x00d5
                    00D5   1061 _F0	=	0x00d5
                    00D6   1062 G$AC$0$0 == 0x00d6
                    00D6   1063 _AC	=	0x00d6
                    00D7   1064 G$CY$0$0 == 0x00d7
                    00D7   1065 _CY	=	0x00d7
                    00D8   1066 G$CCF0$0$0 == 0x00d8
                    00D8   1067 _CCF0	=	0x00d8
                    00D9   1068 G$CCF1$0$0 == 0x00d9
                    00D9   1069 _CCF1	=	0x00d9
                    00DA   1070 G$CCF2$0$0 == 0x00da
                    00DA   1071 _CCF2	=	0x00da
                    00DB   1072 G$CCF3$0$0 == 0x00db
                    00DB   1073 _CCF3	=	0x00db
                    00DC   1074 G$CCF4$0$0 == 0x00dc
                    00DC   1075 _CCF4	=	0x00dc
                    00DD   1076 G$CCF5$0$0 == 0x00dd
                    00DD   1077 _CCF5	=	0x00dd
                    00DE   1078 G$CR$0$0 == 0x00de
                    00DE   1079 _CR	=	0x00de
                    00DF   1080 G$CF$0$0 == 0x00df
                    00DF   1081 _CF	=	0x00df
                    00D8   1082 G$P5_0$0$0 == 0x00d8
                    00D8   1083 _P5_0	=	0x00d8
                    00D9   1084 G$P5_1$0$0 == 0x00d9
                    00D9   1085 _P5_1	=	0x00d9
                    00DA   1086 G$P5_2$0$0 == 0x00da
                    00DA   1087 _P5_2	=	0x00da
                    00DB   1088 G$P5_3$0$0 == 0x00db
                    00DB   1089 _P5_3	=	0x00db
                    00DC   1090 G$P5_4$0$0 == 0x00dc
                    00DC   1091 _P5_4	=	0x00dc
                    00DD   1092 G$P5_5$0$0 == 0x00dd
                    00DD   1093 _P5_5	=	0x00dd
                    00DE   1094 G$P5_6$0$0 == 0x00de
                    00DE   1095 _P5_6	=	0x00de
                    00DF   1096 G$P5_7$0$0 == 0x00df
                    00DF   1097 _P5_7	=	0x00df
                    00E8   1098 G$AD0LJST$0$0 == 0x00e8
                    00E8   1099 _AD0LJST	=	0x00e8
                    00E9   1100 G$AD0WINT$0$0 == 0x00e9
                    00E9   1101 _AD0WINT	=	0x00e9
                    00EA   1102 G$AD0CM0$0$0 == 0x00ea
                    00EA   1103 _AD0CM0	=	0x00ea
                    00EB   1104 G$AD0CM1$0$0 == 0x00eb
                    00EB   1105 _AD0CM1	=	0x00eb
                    00EC   1106 G$AD0BUSY$0$0 == 0x00ec
                    00EC   1107 _AD0BUSY	=	0x00ec
                    00ED   1108 G$AD0INT$0$0 == 0x00ed
                    00ED   1109 _AD0INT	=	0x00ed
                    00EE   1110 G$AD0TM$0$0 == 0x00ee
                    00EE   1111 _AD0TM	=	0x00ee
                    00EF   1112 G$AD0EN$0$0 == 0x00ef
                    00EF   1113 _AD0EN	=	0x00ef
                    00E8   1114 G$AD2WINT$0$0 == 0x00e8
                    00E8   1115 _AD2WINT	=	0x00e8
                    00E9   1116 G$AD2CM0$0$0 == 0x00e9
                    00E9   1117 _AD2CM0	=	0x00e9
                    00EA   1118 G$AD2CM1$0$0 == 0x00ea
                    00EA   1119 _AD2CM1	=	0x00ea
                    00EB   1120 G$AD2CM2$0$0 == 0x00eb
                    00EB   1121 _AD2CM2	=	0x00eb
                    00EC   1122 G$AD2BUSY$0$0 == 0x00ec
                    00EC   1123 _AD2BUSY	=	0x00ec
                    00ED   1124 G$AD2INT$0$0 == 0x00ed
                    00ED   1125 _AD2INT	=	0x00ed
                    00EE   1126 G$AD2TM$0$0 == 0x00ee
                    00EE   1127 _AD2TM	=	0x00ee
                    00EF   1128 G$AD2EN$0$0 == 0x00ef
                    00EF   1129 _AD2EN	=	0x00ef
                    00E8   1130 G$P6_0$0$0 == 0x00e8
                    00E8   1131 _P6_0	=	0x00e8
                    00E9   1132 G$P6_1$0$0 == 0x00e9
                    00E9   1133 _P6_1	=	0x00e9
                    00EA   1134 G$P6_2$0$0 == 0x00ea
                    00EA   1135 _P6_2	=	0x00ea
                    00EB   1136 G$P6_3$0$0 == 0x00eb
                    00EB   1137 _P6_3	=	0x00eb
                    00EC   1138 G$P6_4$0$0 == 0x00ec
                    00EC   1139 _P6_4	=	0x00ec
                    00ED   1140 G$P6_5$0$0 == 0x00ed
                    00ED   1141 _P6_5	=	0x00ed
                    00EE   1142 G$P6_6$0$0 == 0x00ee
                    00EE   1143 _P6_6	=	0x00ee
                    00EF   1144 G$P6_7$0$0 == 0x00ef
                    00EF   1145 _P6_7	=	0x00ef
                    00F8   1146 G$SPIEN$0$0 == 0x00f8
                    00F8   1147 _SPIEN	=	0x00f8
                    00F9   1148 G$TXBMT$0$0 == 0x00f9
                    00F9   1149 _TXBMT	=	0x00f9
                    00FA   1150 G$NSSMD0$0$0 == 0x00fa
                    00FA   1151 _NSSMD0	=	0x00fa
                    00FB   1152 G$NSSMD1$0$0 == 0x00fb
                    00FB   1153 _NSSMD1	=	0x00fb
                    00FC   1154 G$RXOVRN$0$0 == 0x00fc
                    00FC   1155 _RXOVRN	=	0x00fc
                    00FD   1156 G$MODF$0$0 == 0x00fd
                    00FD   1157 _MODF	=	0x00fd
                    00FE   1158 G$WCOL$0$0 == 0x00fe
                    00FE   1159 _WCOL	=	0x00fe
                    00FF   1160 G$SPIF$0$0 == 0x00ff
                    00FF   1161 _SPIF	=	0x00ff
                    00F8   1162 G$P7_0$0$0 == 0x00f8
                    00F8   1163 _P7_0	=	0x00f8
                    00F9   1164 G$P7_1$0$0 == 0x00f9
                    00F9   1165 _P7_1	=	0x00f9
                    00FA   1166 G$P7_2$0$0 == 0x00fa
                    00FA   1167 _P7_2	=	0x00fa
                    00FB   1168 G$P7_3$0$0 == 0x00fb
                    00FB   1169 _P7_3	=	0x00fb
                    00FC   1170 G$P7_4$0$0 == 0x00fc
                    00FC   1171 _P7_4	=	0x00fc
                    00FD   1172 G$P7_5$0$0 == 0x00fd
                    00FD   1173 _P7_5	=	0x00fd
                    00FE   1174 G$P7_6$0$0 == 0x00fe
                    00FE   1175 _P7_6	=	0x00fe
                    00FF   1176 G$P7_7$0$0 == 0x00ff
                    00FF   1177 _P7_7	=	0x00ff
                    0096   1178 G$LED$0$0 == 0x0096
                    0096   1179 _LED	=	0x0096
                    00B7   1180 G$SW2$0$0 == 0x00b7
                    00B7   1181 _SW2	=	0x00b7
                    00C9   1182 G$AB4_SW1$0$0 == 0x00c9
                    00C9   1183 _AB4_SW1	=	0x00c9
                    00CA   1184 G$AB4_SW2$0$0 == 0x00ca
                    00CA   1185 _AB4_SW2	=	0x00ca
                    00CB   1186 G$AB4_LED1$0$0 == 0x00cb
                    00CB   1187 _AB4_LED1	=	0x00cb
                    00CC   1188 G$AB4_LED2$0$0 == 0x00cc
                    00CC   1189 _AB4_LED2	=	0x00cc
                           1190 ;--------------------------------------------------------
                           1191 ; overlayable register banks
                           1192 ;--------------------------------------------------------
                           1193 	.area REG_BANK_0	(REL,OVR,DATA)
   0000                    1194 	.ds 8
                           1195 ;--------------------------------------------------------
                           1196 ; internal ram data
                           1197 ;--------------------------------------------------------
                           1198 	.area DSEG    (DATA)
                           1199 ;--------------------------------------------------------
                           1200 ; overlayable items in internal ram 
                           1201 ;--------------------------------------------------------
                           1202 	.area OSEG    (OVR,DATA)
                           1203 ;--------------------------------------------------------
                           1204 ; indirectly addressable internal ram data
                           1205 ;--------------------------------------------------------
                           1206 	.area ISEG    (DATA)
                           1207 ;--------------------------------------------------------
                           1208 ; absolute internal ram data
                           1209 ;--------------------------------------------------------
                           1210 	.area IABS    (ABS,DATA)
                           1211 	.area IABS    (ABS,DATA)
                           1212 ;--------------------------------------------------------
                           1213 ; bit data
                           1214 ;--------------------------------------------------------
                           1215 	.area BSEG    (BIT)
                           1216 ;--------------------------------------------------------
                           1217 ; paged external ram data
                           1218 ;--------------------------------------------------------
                           1219 	.area PSEG    (PAG,XDATA)
                           1220 ;--------------------------------------------------------
                           1221 ; external ram data
                           1222 ;--------------------------------------------------------
                           1223 	.area XSEG    (XDATA)
                    0000   1224 Fheap_1$xHeap$0$0==.
   0000                    1225 _xHeap:
   0000                    1226 	.ds 6148
                           1227 ;--------------------------------------------------------
                           1228 ; absolute external ram data
                           1229 ;--------------------------------------------------------
                           1230 	.area XABS    (ABS,XDATA)
                           1231 ;--------------------------------------------------------
                           1232 ; external initialized ram data
                           1233 ;--------------------------------------------------------
                           1234 	.area XISEG   (XDATA)
                    0000   1235 Fheap_1$xNextFreeByte$0$0==.
   0000                    1236 _xNextFreeByte:
   0000                    1237 	.ds 2
                           1238 	.area HOME    (CODE)
                           1239 	.area GSINIT0 (CODE)
                           1240 	.area GSINIT1 (CODE)
                           1241 	.area GSINIT2 (CODE)
                           1242 	.area GSINIT3 (CODE)
                           1243 	.area GSINIT4 (CODE)
                           1244 	.area GSINIT5 (CODE)
                           1245 	.area GSINIT  (CODE)
                           1246 	.area GSFINAL (CODE)
                           1247 	.area CSEG    (CODE)
                           1248 ;--------------------------------------------------------
                           1249 ; global & static initialisations
                           1250 ;--------------------------------------------------------
                           1251 	.area HOME    (CODE)
                           1252 	.area GSINIT  (CODE)
                           1253 	.area GSFINAL (CODE)
                           1254 	.area GSINIT  (CODE)
                           1255 ;--------------------------------------------------------
                           1256 ; Home
                           1257 ;--------------------------------------------------------
                           1258 	.area HOME    (CODE)
                           1259 	.area HOME    (CODE)
                           1260 ;--------------------------------------------------------
                           1261 ; code
                           1262 ;--------------------------------------------------------
                           1263 	.area CSEG    (CODE)
                           1264 ;------------------------------------------------------------
                           1265 ;Allocation info for local variables in function 'pvPortMalloc'
                           1266 ;------------------------------------------------------------
                           1267 ;xWantedSize               Allocated to stack - offset 1
                           1268 ;pvReturn                  Allocated to registers r4 r5 r6 
                           1269 ;sloc0                     Allocated to stack - offset 3
                           1270 ;------------------------------------------------------------
                    0000   1271 	G$pvPortMalloc$0$0 ==.
                    0000   1272 	C$heap_1.c$108$0$0 ==.
                           1273 ;	C:\Users\anle\Desktop\R02_QUEUE_PROC2PROC\Source\portable\MemMang\heap_1.c:108: void *pvPortMalloc( size_t xWantedSize )
                           1274 ;	-----------------------------------------
                           1275 ;	 function pvPortMalloc
                           1276 ;	-----------------------------------------
   0000                    1277 _pvPortMalloc:
                    0002   1278 	ar2 = 0x02
                    0003   1279 	ar3 = 0x03
                    0004   1280 	ar4 = 0x04
                    0005   1281 	ar5 = 0x05
                    0006   1282 	ar6 = 0x06
                    0007   1283 	ar7 = 0x07
                    0000   1284 	ar0 = 0x00
                    0001   1285 	ar1 = 0x01
   0000 C0*00              1286 	push	_bp
   0002 85 81*00           1287 	mov	_bp,sp
   0005 C0 82              1288 	push	dpl
   0007 C0 83              1289 	push	dph
   0009 05 81              1290 	inc	sp
   000B 05 81              1291 	inc	sp
                    000D   1292 	C$heap_1.c$110$1$1 ==.
                           1293 ;	C:\Users\anle\Desktop\R02_QUEUE_PROC2PROC\Source\portable\MemMang\heap_1.c:110: void *pvReturn = NULL; 
   000D 7C 00              1294 	mov	r4,#0x00
   000F 7D 00              1295 	mov	r5,#0x00
   0011 7E 00              1296 	mov	r6,#0x00
                    0013   1297 	C$heap_1.c$121$1$1 ==.
                           1298 ;	C:\Users\anle\Desktop\R02_QUEUE_PROC2PROC\Source\portable\MemMang\heap_1.c:121: vTaskSuspendAll();
   0013 C0 04              1299 	push	ar4
   0015 C0 05              1300 	push	ar5
   0017 C0 06              1301 	push	ar6
   0019 12s00r00           1302 	lcall	_vTaskSuspendAll
   001C D0 06              1303 	pop	ar6
   001E D0 05              1304 	pop	ar5
   0020 D0 04              1305 	pop	ar4
                    0022   1306 	C$heap_1.c$124$2$2 ==.
                           1307 ;	C:\Users\anle\Desktop\R02_QUEUE_PROC2PROC\Source\portable\MemMang\heap_1.c:124: if( ( ( xNextFreeByte + xWantedSize ) < configTOTAL_HEAP_SIZE ) &&
   0022 90s00r00           1308 	mov	dptr,#_xNextFreeByte
   0025 A8*00              1309 	mov	r0,_bp
   0027 08                 1310 	inc	r0
   0028 08                 1311 	inc	r0
   0029 08                 1312 	inc	r0
   002A E0                 1313 	movx	a,@dptr
   002B F6                 1314 	mov	@r0,a
   002C A3                 1315 	inc	dptr
   002D E0                 1316 	movx	a,@dptr
   002E 08                 1317 	inc	r0
   002F F6                 1318 	mov	@r0,a
   0030 A8*00              1319 	mov	r0,_bp
   0032 08                 1320 	inc	r0
   0033 08                 1321 	inc	r0
   0034 08                 1322 	inc	r0
   0035 A9*00              1323 	mov	r1,_bp
   0037 09                 1324 	inc	r1
   0038 E7                 1325 	mov	a,@r1
   0039 26                 1326 	add	a,@r0
   003A FF                 1327 	mov	r7,a
   003B 09                 1328 	inc	r1
   003C E7                 1329 	mov	a,@r1
   003D 08                 1330 	inc	r0
   003E 36                 1331 	addc	a,@r0
   003F FA                 1332 	mov	r2,a
   0040 C3                 1333 	clr	c
   0041 EA                 1334 	mov	a,r2
   0042 94 18              1335 	subb	a,#0x18
   0044 40 03              1336 	jc	00108$
   0046 02s00r91           1337 	ljmp	00102$
   0049                    1338 00108$:
                    0049   1339 	C$heap_1.c$125$2$2 ==.
                           1340 ;	C:\Users\anle\Desktop\R02_QUEUE_PROC2PROC\Source\portable\MemMang\heap_1.c:125: ( ( xNextFreeByte + xWantedSize ) > xNextFreeByte )	)/* Check for overflow. */
   0049 A8*00              1341 	mov	r0,_bp
   004B 08                 1342 	inc	r0
   004C 08                 1343 	inc	r0
   004D 08                 1344 	inc	r0
   004E A9*00              1345 	mov	r1,_bp
   0050 09                 1346 	inc	r1
   0051 E7                 1347 	mov	a,@r1
   0052 26                 1348 	add	a,@r0
   0053 FA                 1349 	mov	r2,a
   0054 09                 1350 	inc	r1
   0055 E7                 1351 	mov	a,@r1
   0056 08                 1352 	inc	r0
   0057 36                 1353 	addc	a,@r0
   0058 FB                 1354 	mov	r3,a
   0059 A8*00              1355 	mov	r0,_bp
   005B 08                 1356 	inc	r0
   005C 08                 1357 	inc	r0
   005D 08                 1358 	inc	r0
   005E C3                 1359 	clr	c
   005F E6                 1360 	mov	a,@r0
   0060 9A                 1361 	subb	a,r2
   0061 08                 1362 	inc	r0
   0062 E6                 1363 	mov	a,@r0
   0063 9B                 1364 	subb	a,r3
   0064 40 03              1365 	jc	00109$
   0066 02s00r91           1366 	ljmp	00102$
   0069                    1367 00109$:
                    0069   1368 	C$heap_1.c$129$3$3 ==.
                           1369 ;	C:\Users\anle\Desktop\R02_QUEUE_PROC2PROC\Source\portable\MemMang\heap_1.c:129: pvReturn = &( xHeap.ucHeap[ xNextFreeByte ] );
   0069 A8*00              1370 	mov	r0,_bp
   006B 08                 1371 	inc	r0
   006C 08                 1372 	inc	r0
   006D 08                 1373 	inc	r0
   006E E6                 1374 	mov	a,@r0
   006F 24r04              1375 	add	a,#(_xHeap + 0x0004)
   0071 FA                 1376 	mov	r2,a
   0072 08                 1377 	inc	r0
   0073 E6                 1378 	mov	a,@r0
   0074 34s00              1379 	addc	a,#((_xHeap + 0x0004) >> 8)
   0076 FB                 1380 	mov	r3,a
   0077 8A 04              1381 	mov	ar4,r2
   0079 8B 05              1382 	mov	ar5,r3
   007B 7E 00              1383 	mov	r6,#0x00
                    007D   1384 	C$heap_1.c$130$3$3 ==.
                           1385 ;	C:\Users\anle\Desktop\R02_QUEUE_PROC2PROC\Source\portable\MemMang\heap_1.c:130: xNextFreeByte += xWantedSize;			
   007D A8*00              1386 	mov	r0,_bp
   007F 08                 1387 	inc	r0
   0080 08                 1388 	inc	r0
   0081 08                 1389 	inc	r0
   0082 A9*00              1390 	mov	r1,_bp
   0084 09                 1391 	inc	r1
   0085 90s00r00           1392 	mov	dptr,#_xNextFreeByte
   0088 E7                 1393 	mov	a,@r1
   0089 26                 1394 	add	a,@r0
   008A F0                 1395 	movx	@dptr,a
   008B 09                 1396 	inc	r1
   008C E7                 1397 	mov	a,@r1
   008D 08                 1398 	inc	r0
   008E 36                 1399 	addc	a,@r0
   008F A3                 1400 	inc	dptr
   0090 F0                 1401 	movx	@dptr,a
   0091                    1402 00102$:
                    0091   1403 	C$heap_1.c$133$1$1 ==.
                           1404 ;	C:\Users\anle\Desktop\R02_QUEUE_PROC2PROC\Source\portable\MemMang\heap_1.c:133: xTaskResumeAll();
   0091 C0 04              1405 	push	ar4
   0093 C0 05              1406 	push	ar5
   0095 C0 06              1407 	push	ar6
   0097 12s00r00           1408 	lcall	_xTaskResumeAll
   009A D0 06              1409 	pop	ar6
   009C D0 05              1410 	pop	ar5
   009E D0 04              1411 	pop	ar4
                    00A0   1412 	C$heap_1.c$135$1$1 ==.
                           1413 ;	C:\Users\anle\Desktop\R02_QUEUE_PROC2PROC\Source\portable\MemMang\heap_1.c:135: return pvReturn;
   00A0 8C 82              1414 	mov	dpl,r4
   00A2 8D 83              1415 	mov	dph,r5
   00A4 8E F0              1416 	mov	b,r6
   00A6                    1417 00104$:
   00A6 85*00 81           1418 	mov	sp,_bp
   00A9 D0*00              1419 	pop	_bp
                    00AB   1420 	C$heap_1.c$136$1$1 ==.
                    00AB   1421 	XG$pvPortMalloc$0$0 ==.
   00AB 22                 1422 	ret
                           1423 ;------------------------------------------------------------
                           1424 ;Allocation info for local variables in function 'vPortFree'
                           1425 ;------------------------------------------------------------
                           1426 ;pv                        Allocated to registers 
                           1427 ;------------------------------------------------------------
                    00AC   1428 	G$vPortFree$0$0 ==.
                    00AC   1429 	C$heap_1.c$139$1$1 ==.
                           1430 ;	C:\Users\anle\Desktop\R02_QUEUE_PROC2PROC\Source\portable\MemMang\heap_1.c:139: void vPortFree( void *pv )
                           1431 ;	-----------------------------------------
                           1432 ;	 function vPortFree
                           1433 ;	-----------------------------------------
   00AC                    1434 _vPortFree:
                    00AC   1435 	C$heap_1.c$144$1$1 ==.
                           1436 ;	C:\Users\anle\Desktop\R02_QUEUE_PROC2PROC\Source\portable\MemMang\heap_1.c:144: ( void ) pv;
   00AC                    1437 00101$:
                    00AC   1438 	C$heap_1.c$145$1$1 ==.
                    00AC   1439 	XG$vPortFree$0$0 ==.
   00AC 22                 1440 	ret
                           1441 ;------------------------------------------------------------
                           1442 ;Allocation info for local variables in function 'vPortInitialiseBlocks'
                           1443 ;------------------------------------------------------------
                           1444 ;------------------------------------------------------------
                    00AD   1445 	G$vPortInitialiseBlocks$0$0 ==.
                    00AD   1446 	C$heap_1.c$148$1$1 ==.
                           1447 ;	C:\Users\anle\Desktop\R02_QUEUE_PROC2PROC\Source\portable\MemMang\heap_1.c:148: void vPortInitialiseBlocks( void )
                           1448 ;	-----------------------------------------
                           1449 ;	 function vPortInitialiseBlocks
                           1450 ;	-----------------------------------------
   00AD                    1451 _vPortInitialiseBlocks:
                    00AD   1452 	C$heap_1.c$151$1$1 ==.
                           1453 ;	C:\Users\anle\Desktop\R02_QUEUE_PROC2PROC\Source\portable\MemMang\heap_1.c:151: xNextFreeByte = ( size_t ) 0;
   00AD 90s00r00           1454 	mov	dptr,#_xNextFreeByte
   00B0 E4                 1455 	clr	a
   00B1 F0                 1456 	movx	@dptr,a
   00B2 A3                 1457 	inc	dptr
   00B3 F0                 1458 	movx	@dptr,a
   00B4                    1459 00101$:
                    00B4   1460 	C$heap_1.c$152$1$1 ==.
                    00B4   1461 	XG$vPortInitialiseBlocks$0$0 ==.
   00B4 22                 1462 	ret
                           1463 	.area CSEG    (CODE)
                           1464 	.area CONST   (CODE)
                           1465 	.area XINIT   (CODE)
                    0000   1466 Fheap_1$__xinit_xNextFreeByte$0$0 == .
   0000                    1467 __xinit__xNextFreeByte:
   0000 00 00              1468 	.byte #0x00,#0x00
                           1469 	.area CABS    (ABS,CODE)
