                              1 ;--------------------------------------------------------
                              2 ; File Created by SDCC : free open source ANSI-C Compiler
                              3 ; Version 3.0.0 #6037 (Oct 31 2010) (MINGW32)
                              4 ; This file was generated Wed May 18 15:56:29 2016
                              5 ;--------------------------------------------------------
                              6 	.module main
                              7 	.optsdcc -mmcs51 --model-small
                              8 	
                              9 ;--------------------------------------------------------
                             10 ; Public variables in this module
                             11 ;--------------------------------------------------------
                             12 	.globl _array_test_sequences
                             13 	.globl _main
                             14 	.globl _wait_ms
                             15 	.globl _AB4_LED2
                             16 	.globl _AB4_LED1
                             17 	.globl _AB4_SW2
                             18 	.globl _AB4_SW1
                             19 	.globl _SW2
                             20 	.globl _LED
                             21 	.globl _P7_7
                             22 	.globl _P7_6
                             23 	.globl _P7_5
                             24 	.globl _P7_4
                             25 	.globl _P7_3
                             26 	.globl _P7_2
                             27 	.globl _P7_1
                             28 	.globl _P7_0
                             29 	.globl _SPIF
                             30 	.globl _WCOL
                             31 	.globl _MODF
                             32 	.globl _RXOVRN
                             33 	.globl _NSSMD1
                             34 	.globl _NSSMD0
                             35 	.globl _TXBMT
                             36 	.globl _SPIEN
                             37 	.globl _P6_7
                             38 	.globl _P6_6
                             39 	.globl _P6_5
                             40 	.globl _P6_4
                             41 	.globl _P6_3
                             42 	.globl _P6_2
                             43 	.globl _P6_1
                             44 	.globl _P6_0
                             45 	.globl _AD2EN
                             46 	.globl _AD2TM
                             47 	.globl _AD2INT
                             48 	.globl _AD2BUSY
                             49 	.globl _AD2CM2
                             50 	.globl _AD2CM1
                             51 	.globl _AD2CM0
                             52 	.globl _AD2WINT
                             53 	.globl _AD0EN
                             54 	.globl _AD0TM
                             55 	.globl _AD0INT
                             56 	.globl _AD0BUSY
                             57 	.globl _AD0CM1
                             58 	.globl _AD0CM0
                             59 	.globl _AD0WINT
                             60 	.globl _AD0LJST
                             61 	.globl _P5_7
                             62 	.globl _P5_6
                             63 	.globl _P5_5
                             64 	.globl _P5_4
                             65 	.globl _P5_3
                             66 	.globl _P5_2
                             67 	.globl _P5_1
                             68 	.globl _P5_0
                             69 	.globl _CF
                             70 	.globl _CR
                             71 	.globl _CCF5
                             72 	.globl _CCF4
                             73 	.globl _CCF3
                             74 	.globl _CCF2
                             75 	.globl _CCF1
                             76 	.globl _CCF0
                             77 	.globl _CY
                             78 	.globl _AC
                             79 	.globl _F0
                             80 	.globl _RS1
                             81 	.globl _RS0
                             82 	.globl _OV
                             83 	.globl _F1
                             84 	.globl _P
                             85 	.globl _P4_7
                             86 	.globl _P4_6
                             87 	.globl _P4_5
                             88 	.globl _P4_4
                             89 	.globl _P4_3
                             90 	.globl _P4_2
                             91 	.globl _P4_1
                             92 	.globl _P4_0
                             93 	.globl _TF4
                             94 	.globl _EXF4
                             95 	.globl _EXEN4
                             96 	.globl _TR4
                             97 	.globl _CT4
                             98 	.globl _CPRL4
                             99 	.globl _TF3
                            100 	.globl _EXF3
                            101 	.globl _EXEN3
                            102 	.globl _TR3
                            103 	.globl _CT3
                            104 	.globl _CPRL3
                            105 	.globl _TF2
                            106 	.globl _EXF2
                            107 	.globl _EXEN2
                            108 	.globl _TR2
                            109 	.globl _CT2
                            110 	.globl _CPRL2
                            111 	.globl _MAC0HO
                            112 	.globl _MAC0Z
                            113 	.globl _MAC0SO
                            114 	.globl _MAC0N
                            115 	.globl _BUSY
                            116 	.globl _ENSMB
                            117 	.globl _STA
                            118 	.globl _STO
                            119 	.globl _SI
                            120 	.globl _AA
                            121 	.globl _SMBFTE
                            122 	.globl _SMBTOE
                            123 	.globl _PT2
                            124 	.globl _PS
                            125 	.globl _PS0
                            126 	.globl _PT1
                            127 	.globl _PX1
                            128 	.globl _PT0
                            129 	.globl _PX0
                            130 	.globl _P3_7
                            131 	.globl _P3_6
                            132 	.globl _P3_5
                            133 	.globl _P3_4
                            134 	.globl _P3_3
                            135 	.globl _P3_2
                            136 	.globl _P3_1
                            137 	.globl _P3_0
                            138 	.globl _EA
                            139 	.globl _ET2
                            140 	.globl _ES
                            141 	.globl _ES0
                            142 	.globl _ET1
                            143 	.globl _EX1
                            144 	.globl _ET0
                            145 	.globl _EX0
                            146 	.globl _P2_7
                            147 	.globl _P2_6
                            148 	.globl _P2_5
                            149 	.globl _P2_4
                            150 	.globl _P2_3
                            151 	.globl _P2_2
                            152 	.globl _P2_1
                            153 	.globl _P2_0
                            154 	.globl _S1MODE
                            155 	.globl _MCE1
                            156 	.globl _REN1
                            157 	.globl _TB81
                            158 	.globl _RB81
                            159 	.globl _TI1
                            160 	.globl _RI1
                            161 	.globl _SM00
                            162 	.globl _SM10
                            163 	.globl _SM20
                            164 	.globl _REN
                            165 	.globl _REN0
                            166 	.globl _TB80
                            167 	.globl _RB80
                            168 	.globl _TI
                            169 	.globl _TI0
                            170 	.globl _RI
                            171 	.globl _RI0
                            172 	.globl _P1_7
                            173 	.globl _P1_6
                            174 	.globl _P1_5
                            175 	.globl _P1_4
                            176 	.globl _P1_3
                            177 	.globl _P1_2
                            178 	.globl _P1_1
                            179 	.globl _P1_0
                            180 	.globl _FLHBUSY
                            181 	.globl _CP1EN
                            182 	.globl _CP1OUT
                            183 	.globl _CP1RIF
                            184 	.globl _CP1FIF
                            185 	.globl _CP1HYP1
                            186 	.globl _CP1HYP0
                            187 	.globl _CP1HYN1
                            188 	.globl _CP1HYN0
                            189 	.globl _CP0EN
                            190 	.globl _CP0OUT
                            191 	.globl _CP0RIF
                            192 	.globl _CP0FIF
                            193 	.globl _CP0HYP1
                            194 	.globl _CP0HYP0
                            195 	.globl _CP0HYN1
                            196 	.globl _CP0HYN0
                            197 	.globl _TF1
                            198 	.globl _TR1
                            199 	.globl _TF0
                            200 	.globl _TR0
                            201 	.globl _IE1
                            202 	.globl _IT1
                            203 	.globl _IE0
                            204 	.globl _IT0
                            205 	.globl _P0_7
                            206 	.globl _P0_6
                            207 	.globl _P0_5
                            208 	.globl _P0_4
                            209 	.globl _P0_3
                            210 	.globl _P0_2
                            211 	.globl _P0_1
                            212 	.globl _P0_0
                            213 	.globl _MAC0RND
                            214 	.globl _MAC0ACC
                            215 	.globl _MAC0A
                            216 	.globl _RCAP4
                            217 	.globl _TMR4
                            218 	.globl _DAC1
                            219 	.globl _RCAP3
                            220 	.globl _TMR3
                            221 	.globl _PCA0CP5
                            222 	.globl _PCA0CP4
                            223 	.globl _PCA0CP3
                            224 	.globl _PCA0CP2
                            225 	.globl _PCA0CP1
                            226 	.globl _PCA0CP0
                            227 	.globl _PCA0
                            228 	.globl _DAC0
                            229 	.globl _ADC0LT
                            230 	.globl _ADC0GT
                            231 	.globl _ADC0
                            232 	.globl _RCAP2
                            233 	.globl _TMR2
                            234 	.globl _TMR1
                            235 	.globl _TMR0
                            236 	.globl _P7
                            237 	.globl _P6
                            238 	.globl _XBR2
                            239 	.globl _XBR1
                            240 	.globl _XBR0
                            241 	.globl _P5
                            242 	.globl _P4
                            243 	.globl _FLACL
                            244 	.globl _P1MDIN
                            245 	.globl _P3MDOUT
                            246 	.globl _P2MDOUT
                            247 	.globl _P1MDOUT
                            248 	.globl _P0MDOUT
                            249 	.globl _CCH0LC
                            250 	.globl _CCH0TN
                            251 	.globl _CCH0CN
                            252 	.globl _P7MDOUT
                            253 	.globl _P6MDOUT
                            254 	.globl _P5MDOUT
                            255 	.globl _P4MDOUT
                            256 	.globl _CCH0MA
                            257 	.globl _CLKSEL
                            258 	.globl _SFRPGCN
                            259 	.globl _PLL0FLT
                            260 	.globl _PLL0MUL
                            261 	.globl _PLL0DIV
                            262 	.globl _OSCXCN
                            263 	.globl _OSCICL
                            264 	.globl _OSCICN
                            265 	.globl _PLL0CN
                            266 	.globl _FLSTAT
                            267 	.globl _MAC0RNDH
                            268 	.globl _MAC0RNDL
                            269 	.globl _MAC0CF
                            270 	.globl _MAC0AH
                            271 	.globl _MAC0AL
                            272 	.globl _MAC0STA
                            273 	.globl _MAC0OVR
                            274 	.globl _MAC0ACC3
                            275 	.globl _MAC0ACC2
                            276 	.globl _MAC0ACC1
                            277 	.globl _MAC0ACC0
                            278 	.globl _MAC0BH
                            279 	.globl _MAC0BL
                            280 	.globl _ADC2CN
                            281 	.globl _TMR4H
                            282 	.globl _TMR4L
                            283 	.globl _RCAP4H
                            284 	.globl _RCAP4L
                            285 	.globl _TMR4CF
                            286 	.globl _TMR4CN
                            287 	.globl _ADC2LT
                            288 	.globl _ADC2GT
                            289 	.globl _ADC2
                            290 	.globl _ADC2CF
                            291 	.globl _AMX2SL
                            292 	.globl _AMX2CF
                            293 	.globl _CPT1MD
                            294 	.globl _CPT1CN
                            295 	.globl _DAC1CN
                            296 	.globl _DAC1H
                            297 	.globl _DAC1L
                            298 	.globl _TMR3H
                            299 	.globl _TMR3L
                            300 	.globl _RCAP3H
                            301 	.globl _RCAP3L
                            302 	.globl _TMR3CF
                            303 	.globl _TMR3CN
                            304 	.globl _SBUF1
                            305 	.globl _SCON1
                            306 	.globl _CPT0MD
                            307 	.globl _CPT0CN
                            308 	.globl _PCA0CPH1
                            309 	.globl _PCA0CPL1
                            310 	.globl _PCA0CPH0
                            311 	.globl _PCA0CPL0
                            312 	.globl _PCA0H
                            313 	.globl _PCA0L
                            314 	.globl _SPI0CN
                            315 	.globl _RSTSRC
                            316 	.globl _PCA0CPH4
                            317 	.globl _PCA0CPL4
                            318 	.globl _PCA0CPH3
                            319 	.globl _PCA0CPL3
                            320 	.globl _PCA0CPH2
                            321 	.globl _PCA0CPL2
                            322 	.globl _ADC0CN
                            323 	.globl _PCA0CPH5
                            324 	.globl _PCA0CPL5
                            325 	.globl _PCA0CPM5
                            326 	.globl _PCA0CPM4
                            327 	.globl _PCA0CPM3
                            328 	.globl _PCA0CPM2
                            329 	.globl _PCA0CPM1
                            330 	.globl _PCA0CPM0
                            331 	.globl _PCA0MD
                            332 	.globl _PCA0CN
                            333 	.globl _DAC0CN
                            334 	.globl _DAC0H
                            335 	.globl _DAC0L
                            336 	.globl _REF0CN
                            337 	.globl _SMB0CR
                            338 	.globl _TH2
                            339 	.globl _TMR2H
                            340 	.globl _TL2
                            341 	.globl _TMR2L
                            342 	.globl _RCAP2H
                            343 	.globl _RCAP2L
                            344 	.globl _TMR2CF
                            345 	.globl _TMR2CN
                            346 	.globl _ADC0LTH
                            347 	.globl _ADC0LTL
                            348 	.globl _ADC0GTH
                            349 	.globl _ADC0GTL
                            350 	.globl _SMB0ADR
                            351 	.globl _SMB0DAT
                            352 	.globl _SMB0STA
                            353 	.globl _SMB0CN
                            354 	.globl _ADC0H
                            355 	.globl _ADC0L
                            356 	.globl _ADC0CF
                            357 	.globl _AMX0SL
                            358 	.globl _AMX0CF
                            359 	.globl _SADEN0
                            360 	.globl _FLSCL
                            361 	.globl _SADDR0
                            362 	.globl _EMI0CF
                            363 	.globl __XPAGE
                            364 	.globl _EMI0CN
                            365 	.globl _EMI0TC
                            366 	.globl _SPI0CKR
                            367 	.globl _SPI0DAT
                            368 	.globl _SPI0CFG
                            369 	.globl _SBUF
                            370 	.globl _SBUF0
                            371 	.globl _SCON
                            372 	.globl _SCON0
                            373 	.globl _SSTA0
                            374 	.globl _PSCTL
                            375 	.globl _CKCON
                            376 	.globl _TH1
                            377 	.globl _TH0
                            378 	.globl _TL1
                            379 	.globl _TL0
                            380 	.globl _TMOD
                            381 	.globl _TCON
                            382 	.globl _WDTCN
                            383 	.globl _EIP2
                            384 	.globl _EIP1
                            385 	.globl _B
                            386 	.globl _EIE2
                            387 	.globl _EIE1
                            388 	.globl _ACC
                            389 	.globl _PSW
                            390 	.globl _IP
                            391 	.globl _PSBANK
                            392 	.globl _P3
                            393 	.globl _IE
                            394 	.globl _P2
                            395 	.globl _P1
                            396 	.globl _PCON
                            397 	.globl _SFRLAST
                            398 	.globl _SFRNEXT
                            399 	.globl _SFRPAGE
                            400 	.globl _DPH
                            401 	.globl _DPL
                            402 	.globl _SP
                            403 	.globl _P0
                            404 ;--------------------------------------------------------
                            405 ; special function registers
                            406 ;--------------------------------------------------------
                            407 	.area RSEG    (ABS,DATA)
   0000                     408 	.org 0x0000
                    0080    409 G$P0$0$0 == 0x0080
                    0080    410 _P0	=	0x0080
                    0081    411 G$SP$0$0 == 0x0081
                    0081    412 _SP	=	0x0081
                    0082    413 G$DPL$0$0 == 0x0082
                    0082    414 _DPL	=	0x0082
                    0083    415 G$DPH$0$0 == 0x0083
                    0083    416 _DPH	=	0x0083
                    0084    417 G$SFRPAGE$0$0 == 0x0084
                    0084    418 _SFRPAGE	=	0x0084
                    0085    419 G$SFRNEXT$0$0 == 0x0085
                    0085    420 _SFRNEXT	=	0x0085
                    0086    421 G$SFRLAST$0$0 == 0x0086
                    0086    422 _SFRLAST	=	0x0086
                    0087    423 G$PCON$0$0 == 0x0087
                    0087    424 _PCON	=	0x0087
                    0090    425 G$P1$0$0 == 0x0090
                    0090    426 _P1	=	0x0090
                    00A0    427 G$P2$0$0 == 0x00a0
                    00A0    428 _P2	=	0x00a0
                    00A8    429 G$IE$0$0 == 0x00a8
                    00A8    430 _IE	=	0x00a8
                    00B0    431 G$P3$0$0 == 0x00b0
                    00B0    432 _P3	=	0x00b0
                    00B1    433 G$PSBANK$0$0 == 0x00b1
                    00B1    434 _PSBANK	=	0x00b1
                    00B8    435 G$IP$0$0 == 0x00b8
                    00B8    436 _IP	=	0x00b8
                    00D0    437 G$PSW$0$0 == 0x00d0
                    00D0    438 _PSW	=	0x00d0
                    00E0    439 G$ACC$0$0 == 0x00e0
                    00E0    440 _ACC	=	0x00e0
                    00E6    441 G$EIE1$0$0 == 0x00e6
                    00E6    442 _EIE1	=	0x00e6
                    00E7    443 G$EIE2$0$0 == 0x00e7
                    00E7    444 _EIE2	=	0x00e7
                    00F0    445 G$B$0$0 == 0x00f0
                    00F0    446 _B	=	0x00f0
                    00F6    447 G$EIP1$0$0 == 0x00f6
                    00F6    448 _EIP1	=	0x00f6
                    00F7    449 G$EIP2$0$0 == 0x00f7
                    00F7    450 _EIP2	=	0x00f7
                    00FF    451 G$WDTCN$0$0 == 0x00ff
                    00FF    452 _WDTCN	=	0x00ff
                    0088    453 G$TCON$0$0 == 0x0088
                    0088    454 _TCON	=	0x0088
                    0089    455 G$TMOD$0$0 == 0x0089
                    0089    456 _TMOD	=	0x0089
                    008A    457 G$TL0$0$0 == 0x008a
                    008A    458 _TL0	=	0x008a
                    008B    459 G$TL1$0$0 == 0x008b
                    008B    460 _TL1	=	0x008b
                    008C    461 G$TH0$0$0 == 0x008c
                    008C    462 _TH0	=	0x008c
                    008D    463 G$TH1$0$0 == 0x008d
                    008D    464 _TH1	=	0x008d
                    008E    465 G$CKCON$0$0 == 0x008e
                    008E    466 _CKCON	=	0x008e
                    008F    467 G$PSCTL$0$0 == 0x008f
                    008F    468 _PSCTL	=	0x008f
                    0091    469 G$SSTA0$0$0 == 0x0091
                    0091    470 _SSTA0	=	0x0091
                    0098    471 G$SCON0$0$0 == 0x0098
                    0098    472 _SCON0	=	0x0098
                    0098    473 G$SCON$0$0 == 0x0098
                    0098    474 _SCON	=	0x0098
                    0099    475 G$SBUF0$0$0 == 0x0099
                    0099    476 _SBUF0	=	0x0099
                    0099    477 G$SBUF$0$0 == 0x0099
                    0099    478 _SBUF	=	0x0099
                    009A    479 G$SPI0CFG$0$0 == 0x009a
                    009A    480 _SPI0CFG	=	0x009a
                    009B    481 G$SPI0DAT$0$0 == 0x009b
                    009B    482 _SPI0DAT	=	0x009b
                    009D    483 G$SPI0CKR$0$0 == 0x009d
                    009D    484 _SPI0CKR	=	0x009d
                    00A1    485 G$EMI0TC$0$0 == 0x00a1
                    00A1    486 _EMI0TC	=	0x00a1
                    00A2    487 G$EMI0CN$0$0 == 0x00a2
                    00A2    488 _EMI0CN	=	0x00a2
                    00A2    489 G$_XPAGE$0$0 == 0x00a2
                    00A2    490 __XPAGE	=	0x00a2
                    00A3    491 G$EMI0CF$0$0 == 0x00a3
                    00A3    492 _EMI0CF	=	0x00a3
                    00A9    493 G$SADDR0$0$0 == 0x00a9
                    00A9    494 _SADDR0	=	0x00a9
                    00B7    495 G$FLSCL$0$0 == 0x00b7
                    00B7    496 _FLSCL	=	0x00b7
                    00B9    497 G$SADEN0$0$0 == 0x00b9
                    00B9    498 _SADEN0	=	0x00b9
                    00BA    499 G$AMX0CF$0$0 == 0x00ba
                    00BA    500 _AMX0CF	=	0x00ba
                    00BB    501 G$AMX0SL$0$0 == 0x00bb
                    00BB    502 _AMX0SL	=	0x00bb
                    00BC    503 G$ADC0CF$0$0 == 0x00bc
                    00BC    504 _ADC0CF	=	0x00bc
                    00BE    505 G$ADC0L$0$0 == 0x00be
                    00BE    506 _ADC0L	=	0x00be
                    00BF    507 G$ADC0H$0$0 == 0x00bf
                    00BF    508 _ADC0H	=	0x00bf
                    00C0    509 G$SMB0CN$0$0 == 0x00c0
                    00C0    510 _SMB0CN	=	0x00c0
                    00C1    511 G$SMB0STA$0$0 == 0x00c1
                    00C1    512 _SMB0STA	=	0x00c1
                    00C2    513 G$SMB0DAT$0$0 == 0x00c2
                    00C2    514 _SMB0DAT	=	0x00c2
                    00C3    515 G$SMB0ADR$0$0 == 0x00c3
                    00C3    516 _SMB0ADR	=	0x00c3
                    00C4    517 G$ADC0GTL$0$0 == 0x00c4
                    00C4    518 _ADC0GTL	=	0x00c4
                    00C5    519 G$ADC0GTH$0$0 == 0x00c5
                    00C5    520 _ADC0GTH	=	0x00c5
                    00C6    521 G$ADC0LTL$0$0 == 0x00c6
                    00C6    522 _ADC0LTL	=	0x00c6
                    00C7    523 G$ADC0LTH$0$0 == 0x00c7
                    00C7    524 _ADC0LTH	=	0x00c7
                    00C8    525 G$TMR2CN$0$0 == 0x00c8
                    00C8    526 _TMR2CN	=	0x00c8
                    00C9    527 G$TMR2CF$0$0 == 0x00c9
                    00C9    528 _TMR2CF	=	0x00c9
                    00CA    529 G$RCAP2L$0$0 == 0x00ca
                    00CA    530 _RCAP2L	=	0x00ca
                    00CB    531 G$RCAP2H$0$0 == 0x00cb
                    00CB    532 _RCAP2H	=	0x00cb
                    00CC    533 G$TMR2L$0$0 == 0x00cc
                    00CC    534 _TMR2L	=	0x00cc
                    00CC    535 G$TL2$0$0 == 0x00cc
                    00CC    536 _TL2	=	0x00cc
                    00CD    537 G$TMR2H$0$0 == 0x00cd
                    00CD    538 _TMR2H	=	0x00cd
                    00CD    539 G$TH2$0$0 == 0x00cd
                    00CD    540 _TH2	=	0x00cd
                    00CF    541 G$SMB0CR$0$0 == 0x00cf
                    00CF    542 _SMB0CR	=	0x00cf
                    00D1    543 G$REF0CN$0$0 == 0x00d1
                    00D1    544 _REF0CN	=	0x00d1
                    00D2    545 G$DAC0L$0$0 == 0x00d2
                    00D2    546 _DAC0L	=	0x00d2
                    00D3    547 G$DAC0H$0$0 == 0x00d3
                    00D3    548 _DAC0H	=	0x00d3
                    00D4    549 G$DAC0CN$0$0 == 0x00d4
                    00D4    550 _DAC0CN	=	0x00d4
                    00D8    551 G$PCA0CN$0$0 == 0x00d8
                    00D8    552 _PCA0CN	=	0x00d8
                    00D9    553 G$PCA0MD$0$0 == 0x00d9
                    00D9    554 _PCA0MD	=	0x00d9
                    00DA    555 G$PCA0CPM0$0$0 == 0x00da
                    00DA    556 _PCA0CPM0	=	0x00da
                    00DB    557 G$PCA0CPM1$0$0 == 0x00db
                    00DB    558 _PCA0CPM1	=	0x00db
                    00DC    559 G$PCA0CPM2$0$0 == 0x00dc
                    00DC    560 _PCA0CPM2	=	0x00dc
                    00DD    561 G$PCA0CPM3$0$0 == 0x00dd
                    00DD    562 _PCA0CPM3	=	0x00dd
                    00DE    563 G$PCA0CPM4$0$0 == 0x00de
                    00DE    564 _PCA0CPM4	=	0x00de
                    00DF    565 G$PCA0CPM5$0$0 == 0x00df
                    00DF    566 _PCA0CPM5	=	0x00df
                    00E1    567 G$PCA0CPL5$0$0 == 0x00e1
                    00E1    568 _PCA0CPL5	=	0x00e1
                    00E2    569 G$PCA0CPH5$0$0 == 0x00e2
                    00E2    570 _PCA0CPH5	=	0x00e2
                    00E8    571 G$ADC0CN$0$0 == 0x00e8
                    00E8    572 _ADC0CN	=	0x00e8
                    00E9    573 G$PCA0CPL2$0$0 == 0x00e9
                    00E9    574 _PCA0CPL2	=	0x00e9
                    00EA    575 G$PCA0CPH2$0$0 == 0x00ea
                    00EA    576 _PCA0CPH2	=	0x00ea
                    00EB    577 G$PCA0CPL3$0$0 == 0x00eb
                    00EB    578 _PCA0CPL3	=	0x00eb
                    00EC    579 G$PCA0CPH3$0$0 == 0x00ec
                    00EC    580 _PCA0CPH3	=	0x00ec
                    00ED    581 G$PCA0CPL4$0$0 == 0x00ed
                    00ED    582 _PCA0CPL4	=	0x00ed
                    00EE    583 G$PCA0CPH4$0$0 == 0x00ee
                    00EE    584 _PCA0CPH4	=	0x00ee
                    00EF    585 G$RSTSRC$0$0 == 0x00ef
                    00EF    586 _RSTSRC	=	0x00ef
                    00F8    587 G$SPI0CN$0$0 == 0x00f8
                    00F8    588 _SPI0CN	=	0x00f8
                    00F9    589 G$PCA0L$0$0 == 0x00f9
                    00F9    590 _PCA0L	=	0x00f9
                    00FA    591 G$PCA0H$0$0 == 0x00fa
                    00FA    592 _PCA0H	=	0x00fa
                    00FB    593 G$PCA0CPL0$0$0 == 0x00fb
                    00FB    594 _PCA0CPL0	=	0x00fb
                    00FC    595 G$PCA0CPH0$0$0 == 0x00fc
                    00FC    596 _PCA0CPH0	=	0x00fc
                    00FD    597 G$PCA0CPL1$0$0 == 0x00fd
                    00FD    598 _PCA0CPL1	=	0x00fd
                    00FE    599 G$PCA0CPH1$0$0 == 0x00fe
                    00FE    600 _PCA0CPH1	=	0x00fe
                    0088    601 G$CPT0CN$0$0 == 0x0088
                    0088    602 _CPT0CN	=	0x0088
                    0089    603 G$CPT0MD$0$0 == 0x0089
                    0089    604 _CPT0MD	=	0x0089
                    0098    605 G$SCON1$0$0 == 0x0098
                    0098    606 _SCON1	=	0x0098
                    0099    607 G$SBUF1$0$0 == 0x0099
                    0099    608 _SBUF1	=	0x0099
                    00C8    609 G$TMR3CN$0$0 == 0x00c8
                    00C8    610 _TMR3CN	=	0x00c8
                    00C9    611 G$TMR3CF$0$0 == 0x00c9
                    00C9    612 _TMR3CF	=	0x00c9
                    00CA    613 G$RCAP3L$0$0 == 0x00ca
                    00CA    614 _RCAP3L	=	0x00ca
                    00CB    615 G$RCAP3H$0$0 == 0x00cb
                    00CB    616 _RCAP3H	=	0x00cb
                    00CC    617 G$TMR3L$0$0 == 0x00cc
                    00CC    618 _TMR3L	=	0x00cc
                    00CD    619 G$TMR3H$0$0 == 0x00cd
                    00CD    620 _TMR3H	=	0x00cd
                    00D2    621 G$DAC1L$0$0 == 0x00d2
                    00D2    622 _DAC1L	=	0x00d2
                    00D3    623 G$DAC1H$0$0 == 0x00d3
                    00D3    624 _DAC1H	=	0x00d3
                    00D4    625 G$DAC1CN$0$0 == 0x00d4
                    00D4    626 _DAC1CN	=	0x00d4
                    0088    627 G$CPT1CN$0$0 == 0x0088
                    0088    628 _CPT1CN	=	0x0088
                    0089    629 G$CPT1MD$0$0 == 0x0089
                    0089    630 _CPT1MD	=	0x0089
                    00BA    631 G$AMX2CF$0$0 == 0x00ba
                    00BA    632 _AMX2CF	=	0x00ba
                    00BB    633 G$AMX2SL$0$0 == 0x00bb
                    00BB    634 _AMX2SL	=	0x00bb
                    00BC    635 G$ADC2CF$0$0 == 0x00bc
                    00BC    636 _ADC2CF	=	0x00bc
                    00BE    637 G$ADC2$0$0 == 0x00be
                    00BE    638 _ADC2	=	0x00be
                    00C4    639 G$ADC2GT$0$0 == 0x00c4
                    00C4    640 _ADC2GT	=	0x00c4
                    00C6    641 G$ADC2LT$0$0 == 0x00c6
                    00C6    642 _ADC2LT	=	0x00c6
                    00C8    643 G$TMR4CN$0$0 == 0x00c8
                    00C8    644 _TMR4CN	=	0x00c8
                    00C9    645 G$TMR4CF$0$0 == 0x00c9
                    00C9    646 _TMR4CF	=	0x00c9
                    00CA    647 G$RCAP4L$0$0 == 0x00ca
                    00CA    648 _RCAP4L	=	0x00ca
                    00CB    649 G$RCAP4H$0$0 == 0x00cb
                    00CB    650 _RCAP4H	=	0x00cb
                    00CC    651 G$TMR4L$0$0 == 0x00cc
                    00CC    652 _TMR4L	=	0x00cc
                    00CD    653 G$TMR4H$0$0 == 0x00cd
                    00CD    654 _TMR4H	=	0x00cd
                    00E8    655 G$ADC2CN$0$0 == 0x00e8
                    00E8    656 _ADC2CN	=	0x00e8
                    0091    657 G$MAC0BL$0$0 == 0x0091
                    0091    658 _MAC0BL	=	0x0091
                    0092    659 G$MAC0BH$0$0 == 0x0092
                    0092    660 _MAC0BH	=	0x0092
                    0093    661 G$MAC0ACC0$0$0 == 0x0093
                    0093    662 _MAC0ACC0	=	0x0093
                    0094    663 G$MAC0ACC1$0$0 == 0x0094
                    0094    664 _MAC0ACC1	=	0x0094
                    0095    665 G$MAC0ACC2$0$0 == 0x0095
                    0095    666 _MAC0ACC2	=	0x0095
                    0096    667 G$MAC0ACC3$0$0 == 0x0096
                    0096    668 _MAC0ACC3	=	0x0096
                    0097    669 G$MAC0OVR$0$0 == 0x0097
                    0097    670 _MAC0OVR	=	0x0097
                    00C0    671 G$MAC0STA$0$0 == 0x00c0
                    00C0    672 _MAC0STA	=	0x00c0
                    00C1    673 G$MAC0AL$0$0 == 0x00c1
                    00C1    674 _MAC0AL	=	0x00c1
                    00C2    675 G$MAC0AH$0$0 == 0x00c2
                    00C2    676 _MAC0AH	=	0x00c2
                    00C3    677 G$MAC0CF$0$0 == 0x00c3
                    00C3    678 _MAC0CF	=	0x00c3
                    00CE    679 G$MAC0RNDL$0$0 == 0x00ce
                    00CE    680 _MAC0RNDL	=	0x00ce
                    00CF    681 G$MAC0RNDH$0$0 == 0x00cf
                    00CF    682 _MAC0RNDH	=	0x00cf
                    0088    683 G$FLSTAT$0$0 == 0x0088
                    0088    684 _FLSTAT	=	0x0088
                    0089    685 G$PLL0CN$0$0 == 0x0089
                    0089    686 _PLL0CN	=	0x0089
                    008A    687 G$OSCICN$0$0 == 0x008a
                    008A    688 _OSCICN	=	0x008a
                    008B    689 G$OSCICL$0$0 == 0x008b
                    008B    690 _OSCICL	=	0x008b
                    008C    691 G$OSCXCN$0$0 == 0x008c
                    008C    692 _OSCXCN	=	0x008c
                    008D    693 G$PLL0DIV$0$0 == 0x008d
                    008D    694 _PLL0DIV	=	0x008d
                    008E    695 G$PLL0MUL$0$0 == 0x008e
                    008E    696 _PLL0MUL	=	0x008e
                    008F    697 G$PLL0FLT$0$0 == 0x008f
                    008F    698 _PLL0FLT	=	0x008f
                    0096    699 G$SFRPGCN$0$0 == 0x0096
                    0096    700 _SFRPGCN	=	0x0096
                    0097    701 G$CLKSEL$0$0 == 0x0097
                    0097    702 _CLKSEL	=	0x0097
                    009A    703 G$CCH0MA$0$0 == 0x009a
                    009A    704 _CCH0MA	=	0x009a
                    009C    705 G$P4MDOUT$0$0 == 0x009c
                    009C    706 _P4MDOUT	=	0x009c
                    009D    707 G$P5MDOUT$0$0 == 0x009d
                    009D    708 _P5MDOUT	=	0x009d
                    009E    709 G$P6MDOUT$0$0 == 0x009e
                    009E    710 _P6MDOUT	=	0x009e
                    009F    711 G$P7MDOUT$0$0 == 0x009f
                    009F    712 _P7MDOUT	=	0x009f
                    00A1    713 G$CCH0CN$0$0 == 0x00a1
                    00A1    714 _CCH0CN	=	0x00a1
                    00A2    715 G$CCH0TN$0$0 == 0x00a2
                    00A2    716 _CCH0TN	=	0x00a2
                    00A3    717 G$CCH0LC$0$0 == 0x00a3
                    00A3    718 _CCH0LC	=	0x00a3
                    00A4    719 G$P0MDOUT$0$0 == 0x00a4
                    00A4    720 _P0MDOUT	=	0x00a4
                    00A5    721 G$P1MDOUT$0$0 == 0x00a5
                    00A5    722 _P1MDOUT	=	0x00a5
                    00A6    723 G$P2MDOUT$0$0 == 0x00a6
                    00A6    724 _P2MDOUT	=	0x00a6
                    00A7    725 G$P3MDOUT$0$0 == 0x00a7
                    00A7    726 _P3MDOUT	=	0x00a7
                    00AD    727 G$P1MDIN$0$0 == 0x00ad
                    00AD    728 _P1MDIN	=	0x00ad
                    00B7    729 G$FLACL$0$0 == 0x00b7
                    00B7    730 _FLACL	=	0x00b7
                    00C8    731 G$P4$0$0 == 0x00c8
                    00C8    732 _P4	=	0x00c8
                    00D8    733 G$P5$0$0 == 0x00d8
                    00D8    734 _P5	=	0x00d8
                    00E1    735 G$XBR0$0$0 == 0x00e1
                    00E1    736 _XBR0	=	0x00e1
                    00E2    737 G$XBR1$0$0 == 0x00e2
                    00E2    738 _XBR1	=	0x00e2
                    00E3    739 G$XBR2$0$0 == 0x00e3
                    00E3    740 _XBR2	=	0x00e3
                    00E8    741 G$P6$0$0 == 0x00e8
                    00E8    742 _P6	=	0x00e8
                    00F8    743 G$P7$0$0 == 0x00f8
                    00F8    744 _P7	=	0x00f8
                    8C8A    745 G$TMR0$0$0 == 0x8c8a
                    8C8A    746 _TMR0	=	0x8c8a
                    8D8B    747 G$TMR1$0$0 == 0x8d8b
                    8D8B    748 _TMR1	=	0x8d8b
                    CDCC    749 G$TMR2$0$0 == 0xcdcc
                    CDCC    750 _TMR2	=	0xcdcc
                    CBCA    751 G$RCAP2$0$0 == 0xcbca
                    CBCA    752 _RCAP2	=	0xcbca
                    BFBE    753 G$ADC0$0$0 == 0xbfbe
                    BFBE    754 _ADC0	=	0xbfbe
                    C5C4    755 G$ADC0GT$0$0 == 0xc5c4
                    C5C4    756 _ADC0GT	=	0xc5c4
                    C7C6    757 G$ADC0LT$0$0 == 0xc7c6
                    C7C6    758 _ADC0LT	=	0xc7c6
                    D3D2    759 G$DAC0$0$0 == 0xd3d2
                    D3D2    760 _DAC0	=	0xd3d2
                    FAF9    761 G$PCA0$0$0 == 0xfaf9
                    FAF9    762 _PCA0	=	0xfaf9
                    FCFB    763 G$PCA0CP0$0$0 == 0xfcfb
                    FCFB    764 _PCA0CP0	=	0xfcfb
                    FEFD    765 G$PCA0CP1$0$0 == 0xfefd
                    FEFD    766 _PCA0CP1	=	0xfefd
                    EAE9    767 G$PCA0CP2$0$0 == 0xeae9
                    EAE9    768 _PCA0CP2	=	0xeae9
                    ECEB    769 G$PCA0CP3$0$0 == 0xeceb
                    ECEB    770 _PCA0CP3	=	0xeceb
                    EEED    771 G$PCA0CP4$0$0 == 0xeeed
                    EEED    772 _PCA0CP4	=	0xeeed
                    E2E1    773 G$PCA0CP5$0$0 == 0xe2e1
                    E2E1    774 _PCA0CP5	=	0xe2e1
                    CDCC    775 G$TMR3$0$0 == 0xcdcc
                    CDCC    776 _TMR3	=	0xcdcc
                    CBCA    777 G$RCAP3$0$0 == 0xcbca
                    CBCA    778 _RCAP3	=	0xcbca
                    D3D2    779 G$DAC1$0$0 == 0xd3d2
                    D3D2    780 _DAC1	=	0xd3d2
                    CDCC    781 G$TMR4$0$0 == 0xcdcc
                    CDCC    782 _TMR4	=	0xcdcc
                    CBCA    783 G$RCAP4$0$0 == 0xcbca
                    CBCA    784 _RCAP4	=	0xcbca
                    C2C1    785 G$MAC0A$0$0 == 0xc2c1
                    C2C1    786 _MAC0A	=	0xc2c1
                    96959493    787 G$MAC0ACC$0$0 == 0x96959493
                    96959493    788 _MAC0ACC	=	0x96959493
                    CFCE    789 G$MAC0RND$0$0 == 0xcfce
                    CFCE    790 _MAC0RND	=	0xcfce
                            791 ;--------------------------------------------------------
                            792 ; special function bits
                            793 ;--------------------------------------------------------
                            794 	.area RSEG    (ABS,DATA)
   0000                     795 	.org 0x0000
                    0080    796 G$P0_0$0$0 == 0x0080
                    0080    797 _P0_0	=	0x0080
                    0081    798 G$P0_1$0$0 == 0x0081
                    0081    799 _P0_1	=	0x0081
                    0082    800 G$P0_2$0$0 == 0x0082
                    0082    801 _P0_2	=	0x0082
                    0083    802 G$P0_3$0$0 == 0x0083
                    0083    803 _P0_3	=	0x0083
                    0084    804 G$P0_4$0$0 == 0x0084
                    0084    805 _P0_4	=	0x0084
                    0085    806 G$P0_5$0$0 == 0x0085
                    0085    807 _P0_5	=	0x0085
                    0086    808 G$P0_6$0$0 == 0x0086
                    0086    809 _P0_6	=	0x0086
                    0087    810 G$P0_7$0$0 == 0x0087
                    0087    811 _P0_7	=	0x0087
                    0088    812 G$IT0$0$0 == 0x0088
                    0088    813 _IT0	=	0x0088
                    0089    814 G$IE0$0$0 == 0x0089
                    0089    815 _IE0	=	0x0089
                    008A    816 G$IT1$0$0 == 0x008a
                    008A    817 _IT1	=	0x008a
                    008B    818 G$IE1$0$0 == 0x008b
                    008B    819 _IE1	=	0x008b
                    008C    820 G$TR0$0$0 == 0x008c
                    008C    821 _TR0	=	0x008c
                    008D    822 G$TF0$0$0 == 0x008d
                    008D    823 _TF0	=	0x008d
                    008E    824 G$TR1$0$0 == 0x008e
                    008E    825 _TR1	=	0x008e
                    008F    826 G$TF1$0$0 == 0x008f
                    008F    827 _TF1	=	0x008f
                    0088    828 G$CP0HYN0$0$0 == 0x0088
                    0088    829 _CP0HYN0	=	0x0088
                    0089    830 G$CP0HYN1$0$0 == 0x0089
                    0089    831 _CP0HYN1	=	0x0089
                    008A    832 G$CP0HYP0$0$0 == 0x008a
                    008A    833 _CP0HYP0	=	0x008a
                    008B    834 G$CP0HYP1$0$0 == 0x008b
                    008B    835 _CP0HYP1	=	0x008b
                    008C    836 G$CP0FIF$0$0 == 0x008c
                    008C    837 _CP0FIF	=	0x008c
                    008D    838 G$CP0RIF$0$0 == 0x008d
                    008D    839 _CP0RIF	=	0x008d
                    008E    840 G$CP0OUT$0$0 == 0x008e
                    008E    841 _CP0OUT	=	0x008e
                    008F    842 G$CP0EN$0$0 == 0x008f
                    008F    843 _CP0EN	=	0x008f
                    0088    844 G$CP1HYN0$0$0 == 0x0088
                    0088    845 _CP1HYN0	=	0x0088
                    0089    846 G$CP1HYN1$0$0 == 0x0089
                    0089    847 _CP1HYN1	=	0x0089
                    008A    848 G$CP1HYP0$0$0 == 0x008a
                    008A    849 _CP1HYP0	=	0x008a
                    008B    850 G$CP1HYP1$0$0 == 0x008b
                    008B    851 _CP1HYP1	=	0x008b
                    008C    852 G$CP1FIF$0$0 == 0x008c
                    008C    853 _CP1FIF	=	0x008c
                    008D    854 G$CP1RIF$0$0 == 0x008d
                    008D    855 _CP1RIF	=	0x008d
                    008E    856 G$CP1OUT$0$0 == 0x008e
                    008E    857 _CP1OUT	=	0x008e
                    008F    858 G$CP1EN$0$0 == 0x008f
                    008F    859 _CP1EN	=	0x008f
                    0088    860 G$FLHBUSY$0$0 == 0x0088
                    0088    861 _FLHBUSY	=	0x0088
                    0090    862 G$P1_0$0$0 == 0x0090
                    0090    863 _P1_0	=	0x0090
                    0091    864 G$P1_1$0$0 == 0x0091
                    0091    865 _P1_1	=	0x0091
                    0092    866 G$P1_2$0$0 == 0x0092
                    0092    867 _P1_2	=	0x0092
                    0093    868 G$P1_3$0$0 == 0x0093
                    0093    869 _P1_3	=	0x0093
                    0094    870 G$P1_4$0$0 == 0x0094
                    0094    871 _P1_4	=	0x0094
                    0095    872 G$P1_5$0$0 == 0x0095
                    0095    873 _P1_5	=	0x0095
                    0096    874 G$P1_6$0$0 == 0x0096
                    0096    875 _P1_6	=	0x0096
                    0097    876 G$P1_7$0$0 == 0x0097
                    0097    877 _P1_7	=	0x0097
                    0098    878 G$RI0$0$0 == 0x0098
                    0098    879 _RI0	=	0x0098
                    0098    880 G$RI$0$0 == 0x0098
                    0098    881 _RI	=	0x0098
                    0099    882 G$TI0$0$0 == 0x0099
                    0099    883 _TI0	=	0x0099
                    0099    884 G$TI$0$0 == 0x0099
                    0099    885 _TI	=	0x0099
                    009A    886 G$RB80$0$0 == 0x009a
                    009A    887 _RB80	=	0x009a
                    009B    888 G$TB80$0$0 == 0x009b
                    009B    889 _TB80	=	0x009b
                    009C    890 G$REN0$0$0 == 0x009c
                    009C    891 _REN0	=	0x009c
                    009C    892 G$REN$0$0 == 0x009c
                    009C    893 _REN	=	0x009c
                    009D    894 G$SM20$0$0 == 0x009d
                    009D    895 _SM20	=	0x009d
                    009E    896 G$SM10$0$0 == 0x009e
                    009E    897 _SM10	=	0x009e
                    009F    898 G$SM00$0$0 == 0x009f
                    009F    899 _SM00	=	0x009f
                    0098    900 G$RI1$0$0 == 0x0098
                    0098    901 _RI1	=	0x0098
                    0099    902 G$TI1$0$0 == 0x0099
                    0099    903 _TI1	=	0x0099
                    009A    904 G$RB81$0$0 == 0x009a
                    009A    905 _RB81	=	0x009a
                    009B    906 G$TB81$0$0 == 0x009b
                    009B    907 _TB81	=	0x009b
                    009C    908 G$REN1$0$0 == 0x009c
                    009C    909 _REN1	=	0x009c
                    009D    910 G$MCE1$0$0 == 0x009d
                    009D    911 _MCE1	=	0x009d
                    009F    912 G$S1MODE$0$0 == 0x009f
                    009F    913 _S1MODE	=	0x009f
                    00A0    914 G$P2_0$0$0 == 0x00a0
                    00A0    915 _P2_0	=	0x00a0
                    00A1    916 G$P2_1$0$0 == 0x00a1
                    00A1    917 _P2_1	=	0x00a1
                    00A2    918 G$P2_2$0$0 == 0x00a2
                    00A2    919 _P2_2	=	0x00a2
                    00A3    920 G$P2_3$0$0 == 0x00a3
                    00A3    921 _P2_3	=	0x00a3
                    00A4    922 G$P2_4$0$0 == 0x00a4
                    00A4    923 _P2_4	=	0x00a4
                    00A5    924 G$P2_5$0$0 == 0x00a5
                    00A5    925 _P2_5	=	0x00a5
                    00A6    926 G$P2_6$0$0 == 0x00a6
                    00A6    927 _P2_6	=	0x00a6
                    00A7    928 G$P2_7$0$0 == 0x00a7
                    00A7    929 _P2_7	=	0x00a7
                    00A8    930 G$EX0$0$0 == 0x00a8
                    00A8    931 _EX0	=	0x00a8
                    00A9    932 G$ET0$0$0 == 0x00a9
                    00A9    933 _ET0	=	0x00a9
                    00AA    934 G$EX1$0$0 == 0x00aa
                    00AA    935 _EX1	=	0x00aa
                    00AB    936 G$ET1$0$0 == 0x00ab
                    00AB    937 _ET1	=	0x00ab
                    00AC    938 G$ES0$0$0 == 0x00ac
                    00AC    939 _ES0	=	0x00ac
                    00AC    940 G$ES$0$0 == 0x00ac
                    00AC    941 _ES	=	0x00ac
                    00AD    942 G$ET2$0$0 == 0x00ad
                    00AD    943 _ET2	=	0x00ad
                    00AF    944 G$EA$0$0 == 0x00af
                    00AF    945 _EA	=	0x00af
                    00B0    946 G$P3_0$0$0 == 0x00b0
                    00B0    947 _P3_0	=	0x00b0
                    00B1    948 G$P3_1$0$0 == 0x00b1
                    00B1    949 _P3_1	=	0x00b1
                    00B2    950 G$P3_2$0$0 == 0x00b2
                    00B2    951 _P3_2	=	0x00b2
                    00B3    952 G$P3_3$0$0 == 0x00b3
                    00B3    953 _P3_3	=	0x00b3
                    00B4    954 G$P3_4$0$0 == 0x00b4
                    00B4    955 _P3_4	=	0x00b4
                    00B5    956 G$P3_5$0$0 == 0x00b5
                    00B5    957 _P3_5	=	0x00b5
                    00B6    958 G$P3_6$0$0 == 0x00b6
                    00B6    959 _P3_6	=	0x00b6
                    00B7    960 G$P3_7$0$0 == 0x00b7
                    00B7    961 _P3_7	=	0x00b7
                    00B8    962 G$PX0$0$0 == 0x00b8
                    00B8    963 _PX0	=	0x00b8
                    00B9    964 G$PT0$0$0 == 0x00b9
                    00B9    965 _PT0	=	0x00b9
                    00BA    966 G$PX1$0$0 == 0x00ba
                    00BA    967 _PX1	=	0x00ba
                    00BB    968 G$PT1$0$0 == 0x00bb
                    00BB    969 _PT1	=	0x00bb
                    00BC    970 G$PS0$0$0 == 0x00bc
                    00BC    971 _PS0	=	0x00bc
                    00BC    972 G$PS$0$0 == 0x00bc
                    00BC    973 _PS	=	0x00bc
                    00BD    974 G$PT2$0$0 == 0x00bd
                    00BD    975 _PT2	=	0x00bd
                    00C0    976 G$SMBTOE$0$0 == 0x00c0
                    00C0    977 _SMBTOE	=	0x00c0
                    00C1    978 G$SMBFTE$0$0 == 0x00c1
                    00C1    979 _SMBFTE	=	0x00c1
                    00C2    980 G$AA$0$0 == 0x00c2
                    00C2    981 _AA	=	0x00c2
                    00C3    982 G$SI$0$0 == 0x00c3
                    00C3    983 _SI	=	0x00c3
                    00C4    984 G$STO$0$0 == 0x00c4
                    00C4    985 _STO	=	0x00c4
                    00C5    986 G$STA$0$0 == 0x00c5
                    00C5    987 _STA	=	0x00c5
                    00C6    988 G$ENSMB$0$0 == 0x00c6
                    00C6    989 _ENSMB	=	0x00c6
                    00C7    990 G$BUSY$0$0 == 0x00c7
                    00C7    991 _BUSY	=	0x00c7
                    00C0    992 G$MAC0N$0$0 == 0x00c0
                    00C0    993 _MAC0N	=	0x00c0
                    00C1    994 G$MAC0SO$0$0 == 0x00c1
                    00C1    995 _MAC0SO	=	0x00c1
                    00C2    996 G$MAC0Z$0$0 == 0x00c2
                    00C2    997 _MAC0Z	=	0x00c2
                    00C3    998 G$MAC0HO$0$0 == 0x00c3
                    00C3    999 _MAC0HO	=	0x00c3
                    00C8   1000 G$CPRL2$0$0 == 0x00c8
                    00C8   1001 _CPRL2	=	0x00c8
                    00C9   1002 G$CT2$0$0 == 0x00c9
                    00C9   1003 _CT2	=	0x00c9
                    00CA   1004 G$TR2$0$0 == 0x00ca
                    00CA   1005 _TR2	=	0x00ca
                    00CB   1006 G$EXEN2$0$0 == 0x00cb
                    00CB   1007 _EXEN2	=	0x00cb
                    00CE   1008 G$EXF2$0$0 == 0x00ce
                    00CE   1009 _EXF2	=	0x00ce
                    00CF   1010 G$TF2$0$0 == 0x00cf
                    00CF   1011 _TF2	=	0x00cf
                    00C8   1012 G$CPRL3$0$0 == 0x00c8
                    00C8   1013 _CPRL3	=	0x00c8
                    00C9   1014 G$CT3$0$0 == 0x00c9
                    00C9   1015 _CT3	=	0x00c9
                    00CA   1016 G$TR3$0$0 == 0x00ca
                    00CA   1017 _TR3	=	0x00ca
                    00CB   1018 G$EXEN3$0$0 == 0x00cb
                    00CB   1019 _EXEN3	=	0x00cb
                    00CE   1020 G$EXF3$0$0 == 0x00ce
                    00CE   1021 _EXF3	=	0x00ce
                    00CF   1022 G$TF3$0$0 == 0x00cf
                    00CF   1023 _TF3	=	0x00cf
                    00C8   1024 G$CPRL4$0$0 == 0x00c8
                    00C8   1025 _CPRL4	=	0x00c8
                    00C9   1026 G$CT4$0$0 == 0x00c9
                    00C9   1027 _CT4	=	0x00c9
                    00CA   1028 G$TR4$0$0 == 0x00ca
                    00CA   1029 _TR4	=	0x00ca
                    00CB   1030 G$EXEN4$0$0 == 0x00cb
                    00CB   1031 _EXEN4	=	0x00cb
                    00CE   1032 G$EXF4$0$0 == 0x00ce
                    00CE   1033 _EXF4	=	0x00ce
                    00CF   1034 G$TF4$0$0 == 0x00cf
                    00CF   1035 _TF4	=	0x00cf
                    00C8   1036 G$P4_0$0$0 == 0x00c8
                    00C8   1037 _P4_0	=	0x00c8
                    00C9   1038 G$P4_1$0$0 == 0x00c9
                    00C9   1039 _P4_1	=	0x00c9
                    00CA   1040 G$P4_2$0$0 == 0x00ca
                    00CA   1041 _P4_2	=	0x00ca
                    00CB   1042 G$P4_3$0$0 == 0x00cb
                    00CB   1043 _P4_3	=	0x00cb
                    00CC   1044 G$P4_4$0$0 == 0x00cc
                    00CC   1045 _P4_4	=	0x00cc
                    00CD   1046 G$P4_5$0$0 == 0x00cd
                    00CD   1047 _P4_5	=	0x00cd
                    00CE   1048 G$P4_6$0$0 == 0x00ce
                    00CE   1049 _P4_6	=	0x00ce
                    00CF   1050 G$P4_7$0$0 == 0x00cf
                    00CF   1051 _P4_7	=	0x00cf
                    00D0   1052 G$P$0$0 == 0x00d0
                    00D0   1053 _P	=	0x00d0
                    00D1   1054 G$F1$0$0 == 0x00d1
                    00D1   1055 _F1	=	0x00d1
                    00D2   1056 G$OV$0$0 == 0x00d2
                    00D2   1057 _OV	=	0x00d2
                    00D3   1058 G$RS0$0$0 == 0x00d3
                    00D3   1059 _RS0	=	0x00d3
                    00D4   1060 G$RS1$0$0 == 0x00d4
                    00D4   1061 _RS1	=	0x00d4
                    00D5   1062 G$F0$0$0 == 0x00d5
                    00D5   1063 _F0	=	0x00d5
                    00D6   1064 G$AC$0$0 == 0x00d6
                    00D6   1065 _AC	=	0x00d6
                    00D7   1066 G$CY$0$0 == 0x00d7
                    00D7   1067 _CY	=	0x00d7
                    00D8   1068 G$CCF0$0$0 == 0x00d8
                    00D8   1069 _CCF0	=	0x00d8
                    00D9   1070 G$CCF1$0$0 == 0x00d9
                    00D9   1071 _CCF1	=	0x00d9
                    00DA   1072 G$CCF2$0$0 == 0x00da
                    00DA   1073 _CCF2	=	0x00da
                    00DB   1074 G$CCF3$0$0 == 0x00db
                    00DB   1075 _CCF3	=	0x00db
                    00DC   1076 G$CCF4$0$0 == 0x00dc
                    00DC   1077 _CCF4	=	0x00dc
                    00DD   1078 G$CCF5$0$0 == 0x00dd
                    00DD   1079 _CCF5	=	0x00dd
                    00DE   1080 G$CR$0$0 == 0x00de
                    00DE   1081 _CR	=	0x00de
                    00DF   1082 G$CF$0$0 == 0x00df
                    00DF   1083 _CF	=	0x00df
                    00D8   1084 G$P5_0$0$0 == 0x00d8
                    00D8   1085 _P5_0	=	0x00d8
                    00D9   1086 G$P5_1$0$0 == 0x00d9
                    00D9   1087 _P5_1	=	0x00d9
                    00DA   1088 G$P5_2$0$0 == 0x00da
                    00DA   1089 _P5_2	=	0x00da
                    00DB   1090 G$P5_3$0$0 == 0x00db
                    00DB   1091 _P5_3	=	0x00db
                    00DC   1092 G$P5_4$0$0 == 0x00dc
                    00DC   1093 _P5_4	=	0x00dc
                    00DD   1094 G$P5_5$0$0 == 0x00dd
                    00DD   1095 _P5_5	=	0x00dd
                    00DE   1096 G$P5_6$0$0 == 0x00de
                    00DE   1097 _P5_6	=	0x00de
                    00DF   1098 G$P5_7$0$0 == 0x00df
                    00DF   1099 _P5_7	=	0x00df
                    00E8   1100 G$AD0LJST$0$0 == 0x00e8
                    00E8   1101 _AD0LJST	=	0x00e8
                    00E9   1102 G$AD0WINT$0$0 == 0x00e9
                    00E9   1103 _AD0WINT	=	0x00e9
                    00EA   1104 G$AD0CM0$0$0 == 0x00ea
                    00EA   1105 _AD0CM0	=	0x00ea
                    00EB   1106 G$AD0CM1$0$0 == 0x00eb
                    00EB   1107 _AD0CM1	=	0x00eb
                    00EC   1108 G$AD0BUSY$0$0 == 0x00ec
                    00EC   1109 _AD0BUSY	=	0x00ec
                    00ED   1110 G$AD0INT$0$0 == 0x00ed
                    00ED   1111 _AD0INT	=	0x00ed
                    00EE   1112 G$AD0TM$0$0 == 0x00ee
                    00EE   1113 _AD0TM	=	0x00ee
                    00EF   1114 G$AD0EN$0$0 == 0x00ef
                    00EF   1115 _AD0EN	=	0x00ef
                    00E8   1116 G$AD2WINT$0$0 == 0x00e8
                    00E8   1117 _AD2WINT	=	0x00e8
                    00E9   1118 G$AD2CM0$0$0 == 0x00e9
                    00E9   1119 _AD2CM0	=	0x00e9
                    00EA   1120 G$AD2CM1$0$0 == 0x00ea
                    00EA   1121 _AD2CM1	=	0x00ea
                    00EB   1122 G$AD2CM2$0$0 == 0x00eb
                    00EB   1123 _AD2CM2	=	0x00eb
                    00EC   1124 G$AD2BUSY$0$0 == 0x00ec
                    00EC   1125 _AD2BUSY	=	0x00ec
                    00ED   1126 G$AD2INT$0$0 == 0x00ed
                    00ED   1127 _AD2INT	=	0x00ed
                    00EE   1128 G$AD2TM$0$0 == 0x00ee
                    00EE   1129 _AD2TM	=	0x00ee
                    00EF   1130 G$AD2EN$0$0 == 0x00ef
                    00EF   1131 _AD2EN	=	0x00ef
                    00E8   1132 G$P6_0$0$0 == 0x00e8
                    00E8   1133 _P6_0	=	0x00e8
                    00E9   1134 G$P6_1$0$0 == 0x00e9
                    00E9   1135 _P6_1	=	0x00e9
                    00EA   1136 G$P6_2$0$0 == 0x00ea
                    00EA   1137 _P6_2	=	0x00ea
                    00EB   1138 G$P6_3$0$0 == 0x00eb
                    00EB   1139 _P6_3	=	0x00eb
                    00EC   1140 G$P6_4$0$0 == 0x00ec
                    00EC   1141 _P6_4	=	0x00ec
                    00ED   1142 G$P6_5$0$0 == 0x00ed
                    00ED   1143 _P6_5	=	0x00ed
                    00EE   1144 G$P6_6$0$0 == 0x00ee
                    00EE   1145 _P6_6	=	0x00ee
                    00EF   1146 G$P6_7$0$0 == 0x00ef
                    00EF   1147 _P6_7	=	0x00ef
                    00F8   1148 G$SPIEN$0$0 == 0x00f8
                    00F8   1149 _SPIEN	=	0x00f8
                    00F9   1150 G$TXBMT$0$0 == 0x00f9
                    00F9   1151 _TXBMT	=	0x00f9
                    00FA   1152 G$NSSMD0$0$0 == 0x00fa
                    00FA   1153 _NSSMD0	=	0x00fa
                    00FB   1154 G$NSSMD1$0$0 == 0x00fb
                    00FB   1155 _NSSMD1	=	0x00fb
                    00FC   1156 G$RXOVRN$0$0 == 0x00fc
                    00FC   1157 _RXOVRN	=	0x00fc
                    00FD   1158 G$MODF$0$0 == 0x00fd
                    00FD   1159 _MODF	=	0x00fd
                    00FE   1160 G$WCOL$0$0 == 0x00fe
                    00FE   1161 _WCOL	=	0x00fe
                    00FF   1162 G$SPIF$0$0 == 0x00ff
                    00FF   1163 _SPIF	=	0x00ff
                    00F8   1164 G$P7_0$0$0 == 0x00f8
                    00F8   1165 _P7_0	=	0x00f8
                    00F9   1166 G$P7_1$0$0 == 0x00f9
                    00F9   1167 _P7_1	=	0x00f9
                    00FA   1168 G$P7_2$0$0 == 0x00fa
                    00FA   1169 _P7_2	=	0x00fa
                    00FB   1170 G$P7_3$0$0 == 0x00fb
                    00FB   1171 _P7_3	=	0x00fb
                    00FC   1172 G$P7_4$0$0 == 0x00fc
                    00FC   1173 _P7_4	=	0x00fc
                    00FD   1174 G$P7_5$0$0 == 0x00fd
                    00FD   1175 _P7_5	=	0x00fd
                    00FE   1176 G$P7_6$0$0 == 0x00fe
                    00FE   1177 _P7_6	=	0x00fe
                    00FF   1178 G$P7_7$0$0 == 0x00ff
                    00FF   1179 _P7_7	=	0x00ff
                    0096   1180 G$LED$0$0 == 0x0096
                    0096   1181 _LED	=	0x0096
                    00B7   1182 G$SW2$0$0 == 0x00b7
                    00B7   1183 _SW2	=	0x00b7
                    00C9   1184 G$AB4_SW1$0$0 == 0x00c9
                    00C9   1185 _AB4_SW1	=	0x00c9
                    00CA   1186 G$AB4_SW2$0$0 == 0x00ca
                    00CA   1187 _AB4_SW2	=	0x00ca
                    00CB   1188 G$AB4_LED1$0$0 == 0x00cb
                    00CB   1189 _AB4_LED1	=	0x00cb
                    00CC   1190 G$AB4_LED2$0$0 == 0x00cc
                    00CC   1191 _AB4_LED2	=	0x00cc
                           1192 ;--------------------------------------------------------
                           1193 ; overlayable register banks
                           1194 ;--------------------------------------------------------
                           1195 	.area REG_BANK_0	(REL,OVR,DATA)
   0000                    1196 	.ds 8
                           1197 ;--------------------------------------------------------
                           1198 ; internal ram data
                           1199 ;--------------------------------------------------------
                           1200 	.area DSEG    (DATA)
                           1201 ;--------------------------------------------------------
                           1202 ; overlayable items in internal ram 
                           1203 ;--------------------------------------------------------
                           1204 	.area	OSEG    (OVR,DATA)
                    0000   1205 Lwait_ms$i$2$2==.
   0000                    1206 _wait_ms_i_2_2::
   0000                    1207 	.ds 4
                           1208 ;--------------------------------------------------------
                           1209 ; Stack segment in internal ram 
                           1210 ;--------------------------------------------------------
                           1211 	.area	SSEG	(DATA)
   0000                    1212 __start__stack:
   0000                    1213 	.ds	1
                           1214 
                           1215 ;--------------------------------------------------------
                           1216 ; indirectly addressable internal ram data
                           1217 ;--------------------------------------------------------
                           1218 	.area ISEG    (DATA)
                           1219 ;--------------------------------------------------------
                           1220 ; absolute internal ram data
                           1221 ;--------------------------------------------------------
                           1222 	.area IABS    (ABS,DATA)
                           1223 	.area IABS    (ABS,DATA)
                           1224 ;--------------------------------------------------------
                           1225 ; bit data
                           1226 ;--------------------------------------------------------
                           1227 	.area BSEG    (BIT)
                           1228 ;--------------------------------------------------------
                           1229 ; paged external ram data
                           1230 ;--------------------------------------------------------
                           1231 	.area PSEG    (PAG,XDATA)
                           1232 ;--------------------------------------------------------
                           1233 ; external ram data
                           1234 ;--------------------------------------------------------
                           1235 	.area XSEG    (XDATA)
                           1236 ;--------------------------------------------------------
                           1237 ; absolute external ram data
                           1238 ;--------------------------------------------------------
                           1239 	.area XABS    (ABS,XDATA)
                           1240 ;--------------------------------------------------------
                           1241 ; external initialized ram data
                           1242 ;--------------------------------------------------------
                           1243 	.area XISEG   (XDATA)
                           1244 	.area HOME    (CODE)
                           1245 	.area GSINIT0 (CODE)
                           1246 	.area GSINIT1 (CODE)
                           1247 	.area GSINIT2 (CODE)
                           1248 	.area GSINIT3 (CODE)
                           1249 	.area GSINIT4 (CODE)
                           1250 	.area GSINIT5 (CODE)
                           1251 	.area GSINIT  (CODE)
                           1252 	.area GSFINAL (CODE)
                           1253 	.area CSEG    (CODE)
                           1254 ;--------------------------------------------------------
                           1255 ; interrupt vector 
                           1256 ;--------------------------------------------------------
                           1257 	.area HOME    (CODE)
   0000                    1258 __interrupt_vect:
   0000 02s00r00           1259 	ljmp	__sdcc_gsinit_startup
                           1260 ;--------------------------------------------------------
                           1261 ; global & static initialisations
                           1262 ;--------------------------------------------------------
                           1263 	.area HOME    (CODE)
                           1264 	.area GSINIT  (CODE)
                           1265 	.area GSFINAL (CODE)
                           1266 	.area GSINIT  (CODE)
                           1267 	.globl __sdcc_gsinit_startup
                           1268 	.globl __sdcc_program_startup
                           1269 	.globl __start__stack
                           1270 	.globl __mcs51_genXINIT
                           1271 	.globl __mcs51_genXRAMCLEAR
                           1272 	.globl __mcs51_genRAMCLEAR
                           1273 	.area GSFINAL (CODE)
   0000 02s00r03           1274 	ljmp	__sdcc_program_startup
                           1275 ;--------------------------------------------------------
                           1276 ; Home
                           1277 ;--------------------------------------------------------
                           1278 	.area HOME    (CODE)
                           1279 	.area HOME    (CODE)
   0003                    1280 __sdcc_program_startup:
   0003 12s00r4C           1281 	lcall	_main
                           1282 ;	return from main will lock up
   0006 80 FE              1283 	sjmp .
                           1284 ;--------------------------------------------------------
                           1285 ; code
                           1286 ;--------------------------------------------------------
                           1287 	.area CSEG    (CODE)
                           1288 ;------------------------------------------------------------
                           1289 ;Allocation info for local variables in function 'wait_ms'
                           1290 ;------------------------------------------------------------
                           1291 ;ms                        Allocated to registers r2 r3 r4 r5 
                           1292 ;i                         Allocated with name '_wait_ms_i_2_2'
                           1293 ;------------------------------------------------------------
                    0000   1294 	G$wait_ms$0$0 ==.
                    0000   1295 	C$main.c$29$0$0 ==.
                           1296 ;	C:\Users\anle\Downloads\2_HOMEWORK2_START (1)\e12_homework2_start\main.c:29: void wait_ms(unsigned long int ms)
                           1297 ;	-----------------------------------------
                           1298 ;	 function wait_ms
                           1299 ;	-----------------------------------------
   0000                    1300 _wait_ms:
                    0002   1301 	ar2 = 0x02
                    0003   1302 	ar3 = 0x03
                    0004   1303 	ar4 = 0x04
                    0005   1304 	ar5 = 0x05
                    0006   1305 	ar6 = 0x06
                    0007   1306 	ar7 = 0x07
                    0000   1307 	ar0 = 0x00
                    0001   1308 	ar1 = 0x01
   0000 AA 82              1309 	mov	r2,dpl
   0002 AB 83              1310 	mov	r3,dph
   0004 AC F0              1311 	mov	r4,b
   0006 FD                 1312 	mov	r5,a
                    0007   1313 	C$main.c$31$1$1 ==.
                           1314 ;	C:\Users\anle\Downloads\2_HOMEWORK2_START (1)\e12_homework2_start\main.c:31: while (ms>0)
   0007                    1315 00101$:
   0007 EA                 1316 	mov	a,r2
   0008 4B                 1317 	orl	a,r3
   0009 4C                 1318 	orl	a,r4
   000A 4D                 1319 	orl	a,r5
   000B 60 3E              1320 	jz	00108$
                    000D   1321 	C$main.c$35$2$2 ==.
                           1322 ;	C:\Users\anle\Downloads\2_HOMEWORK2_START (1)\e12_homework2_start\main.c:35: for (i=400L; 0<i; --i) ;
   000D 75*00 90           1323 	mov	_wait_ms_i_2_2,#0x90
   0010 75*01 01           1324 	mov	(_wait_ms_i_2_2 + 1),#0x01
   0013 E4                 1325 	clr	a
   0014 F5*02              1326 	mov	(_wait_ms_i_2_2 + 2),a
   0016 F5*03              1327 	mov	(_wait_ms_i_2_2 + 3),a
   0018                    1328 00104$:
   0018 C3                 1329 	clr	c
   0019 E4                 1330 	clr	a
   001A 95*00              1331 	subb	a,_wait_ms_i_2_2
   001C E4                 1332 	clr	a
   001D 95*01              1333 	subb	a,(_wait_ms_i_2_2 + 1)
   001F E4                 1334 	clr	a
   0020 95*02              1335 	subb	a,(_wait_ms_i_2_2 + 2)
   0022 E4                 1336 	clr	a
   0023 95*03              1337 	subb	a,(_wait_ms_i_2_2 + 3)
   0025 50 15              1338 	jnc	00107$
   0027 15*00              1339 	dec	_wait_ms_i_2_2
   0029 74 FF              1340 	mov	a,#0xff
   002B B5*00 EA           1341 	cjne	a,_wait_ms_i_2_2,00104$
   002E 15*01              1342 	dec	(_wait_ms_i_2_2 + 1)
   0030 B5*01 E5           1343 	cjne	a,(_wait_ms_i_2_2 + 1),00104$
   0033 15*02              1344 	dec	(_wait_ms_i_2_2 + 2)
   0035 B5*02 E0           1345 	cjne	a,(_wait_ms_i_2_2 + 2),00104$
   0038 15*03              1346 	dec	(_wait_ms_i_2_2 + 3)
   003A 80 DC              1347 	sjmp	00104$
   003C                    1348 00107$:
                    003C   1349 	C$main.c$36$2$2 ==.
                           1350 ;	C:\Users\anle\Downloads\2_HOMEWORK2_START (1)\e12_homework2_start\main.c:36: ms--;
   003C 1A                 1351 	dec	r2
   003D BA FF C7           1352 	cjne	r2,#0xff,00101$
   0040 1B                 1353 	dec	r3
   0041 BB FF C3           1354 	cjne	r3,#0xff,00101$
   0044 1C                 1355 	dec	r4
   0045 BC FF BF           1356 	cjne	r4,#0xff,00101$
   0048 1D                 1357 	dec	r5
   0049 80 BC              1358 	sjmp	00101$
   004B                    1359 00108$:
                    004B   1360 	C$main.c$38$1$1 ==.
                    004B   1361 	XG$wait_ms$0$0 ==.
   004B 22                 1362 	ret
                           1363 ;------------------------------------------------------------
                           1364 ;Allocation info for local variables in function 'main'
                           1365 ;------------------------------------------------------------
                           1366 ;mode                      Allocated to registers r2 
                           1367 ;------------------------------------------------------------
                    004C   1368 	G$main$0$0 ==.
                    004C   1369 	C$main.c$40$1$1 ==.
                           1370 ;	C:\Users\anle\Downloads\2_HOMEWORK2_START (1)\e12_homework2_start\main.c:40: void main(void)
                           1371 ;	-----------------------------------------
                           1372 ;	 function main
                           1373 ;	-----------------------------------------
   004C                    1374 _main:
                    004C   1375 	C$main.c$42$1$1 ==.
                           1376 ;	C:\Users\anle\Downloads\2_HOMEWORK2_START (1)\e12_homework2_start\main.c:42: unsigned char mode = 0;
   004C 7A 00              1377 	mov	r2,#0x00
                    004E   1378 	C$main.c$45$1$1 ==.
                           1379 ;	C:\Users\anle\Downloads\2_HOMEWORK2_START (1)\e12_homework2_start\main.c:45: WDTCN = 0xde;
   004E 75 FF DE           1380 	mov	_WDTCN,#0xDE
                    0051   1381 	C$main.c$46$1$1 ==.
                           1382 ;	C:\Users\anle\Downloads\2_HOMEWORK2_START (1)\e12_homework2_start\main.c:46: WDTCN = 0xad;
   0051 75 FF AD           1383 	mov	_WDTCN,#0xAD
                    0054   1384 	C$main.c$48$1$1 ==.
                           1385 ;	C:\Users\anle\Downloads\2_HOMEWORK2_START (1)\e12_homework2_start\main.c:48: SFRPAGE = CONFIG_PAGE;
   0054 75 84 0F           1386 	mov	_SFRPAGE,#0x0F
                    0057   1387 	C$main.c$49$1$1 ==.
                           1388 ;	C:\Users\anle\Downloads\2_HOMEWORK2_START (1)\e12_homework2_start\main.c:49: OSCICN  = 0x83;                 // Initially run at 24.5MHz
   0057 75 8A 83           1389 	mov	_OSCICN,#0x83
                    005A   1390 	C$main.c$50$1$1 ==.
                           1391 ;	C:\Users\anle\Downloads\2_HOMEWORK2_START (1)\e12_homework2_start\main.c:50: XBR2    = 0x40;                 // Enable the crossbar and week pull up resistors
   005A 75 E3 40           1392 	mov	_XBR2,#0x40
                    005D   1393 	C$main.c$51$1$1 ==.
                           1394 ;	C:\Users\anle\Downloads\2_HOMEWORK2_START (1)\e12_homework2_start\main.c:51: P1MDOUT|= 0x40;                 // Set P1.6(TB_LED) to push-pull
   005D 43 A5 40           1395 	orl	_P1MDOUT,#0x40
                    0060   1396 	C$main.c$53$1$1 ==.
                           1397 ;	C:\Users\anle\Downloads\2_HOMEWORK2_START (1)\e12_homework2_start\main.c:53: LED = 1;
   0060 D2 96              1398 	setb	_LED
                    0062   1399 	C$main.c$55$1$1 ==.
                           1400 ;	C:\Users\anle\Downloads\2_HOMEWORK2_START (1)\e12_homework2_start\main.c:55: while(1)
   0062                    1401 00109$:
                    0062   1402 	C$main.c$57$2$2 ==.
                           1403 ;	C:\Users\anle\Downloads\2_HOMEWORK2_START (1)\e12_homework2_start\main.c:57: if (0 == SW2) // button depressed
   0062 A2 B7              1404 	mov	c,_SW2
   0064 E4                 1405 	clr	a
   0065 33                 1406 	rlc	a
   0066 FB                 1407 	mov	r3,a
   0067 70 2D              1408 	jnz	00107$
                    0069   1409 	C$main.c$60$3$3 ==.
                           1410 ;	C:\Users\anle\Downloads\2_HOMEWORK2_START (1)\e12_homework2_start\main.c:60: wait_ms(20);    // this would be still 5ms at 100MHz
   0069 90 00 14           1411 	mov	dptr,#(0x14&0x00ff)
   006C E4                 1412 	clr	a
   006D F5 F0              1413 	mov	b,a
   006F C0 02              1414 	push	ar2
   0071 12s00r00           1415 	lcall	_wait_ms
   0074 D0 02              1416 	pop	ar2
                    0076   1417 	C$main.c$62$3$3 ==.
                           1418 ;	C:\Users\anle\Downloads\2_HOMEWORK2_START (1)\e12_homework2_start\main.c:62: while (0 == SW2) ;
   0076                    1419 00101$:
   0076 A2 B7              1420 	mov	c,_SW2
   0078 E4                 1421 	clr	a
   0079 33                 1422 	rlc	a
   007A FB                 1423 	mov	r3,a
   007B 60 F9              1424 	jz	00101$
                    007D   1425 	C$main.c$63$3$3 ==.
                           1426 ;	C:\Users\anle\Downloads\2_HOMEWORK2_START (1)\e12_homework2_start\main.c:63: ++mode;
   007D 0A                 1427 	inc	r2
                    007E   1428 	C$main.c$64$3$3 ==.
                           1429 ;	C:\Users\anle\Downloads\2_HOMEWORK2_START (1)\e12_homework2_start\main.c:64: if (MODE_MAX == mode) mode=0;
   007E BA 0D 02           1430 	cjne	r2,#0x0D,00105$
   0081 7A 00              1431 	mov	r2,#0x00
   0083                    1432 00105$:
                    0083   1433 	C$main.c$66$3$3 ==.
                           1434 ;	C:\Users\anle\Downloads\2_HOMEWORK2_START (1)\e12_homework2_start\main.c:66: reinit_sysclk(array_test_sequences[mode]);
   0083 EA                 1435 	mov	a,r2
   0084 2A                 1436 	add	a,r2
   0085 FB                 1437 	mov	r3,a
   0086 90s00r00           1438 	mov	dptr,#_array_test_sequences
   0089 93                 1439 	movc	a,@a+dptr
   008A CB                 1440 	xch	a,r3
   008B A3                 1441 	inc	dptr
   008C 93                 1442 	movc	a,@a+dptr
   008D 8B 82              1443 	mov	dpl,r3
   008F C0 02              1444 	push	ar2
   0091 12s00r00           1445 	lcall	_reinit_sysclk
   0094 D0 02              1446 	pop	ar2
   0096                    1447 00107$:
                    0096   1448 	C$main.c$69$2$2 ==.
                           1449 ;	C:\Users\anle\Downloads\2_HOMEWORK2_START (1)\e12_homework2_start\main.c:69: LED = !LED;
   0096 B2 96              1450 	cpl	_LED
                    0098   1451 	C$main.c$70$2$2 ==.
                           1452 ;	C:\Users\anle\Downloads\2_HOMEWORK2_START (1)\e12_homework2_start\main.c:70: wait_ms(1000);
   0098 90 03 E8           1453 	mov	dptr,#0x03E8
   009B E4                 1454 	clr	a
   009C F5 F0              1455 	mov	b,a
   009E C0 02              1456 	push	ar2
   00A0 12s00r00           1457 	lcall	_wait_ms
   00A3 D0 02              1458 	pop	ar2
                    00A5   1459 	C$main.c$72$1$1 ==.
                    00A5   1460 	XG$main$0$0 ==.
   00A5 80 BB              1461 	sjmp	00109$
                           1462 	.area CSEG    (CODE)
                           1463 	.area CONST   (CODE)
                    0000   1464 G$array_test_sequences$0$0 == .
   0000                    1465 _array_test_sequences:
   0000 01 00              1466 	.byte #0x01,#0x00	;  1
   0002 06 00              1467 	.byte #0x06,#0x00	;  6
   0004 02 00              1468 	.byte #0x02,#0x00	;  2
   0006 03 00              1469 	.byte #0x03,#0x00	;  3
   0008 05 00              1470 	.byte #0x05,#0x00	;  5
   000A 07 00              1471 	.byte #0x07,#0x00	;  7
   000C 04 00              1472 	.byte #0x04,#0x00	;  4
   000E 08 00              1473 	.byte #0x08,#0x00	;  8
   0010 03 00              1474 	.byte #0x03,#0x00	;  3
   0012 09 00              1475 	.byte #0x09,#0x00	;  9
   0014 06 00              1476 	.byte #0x06,#0x00	;  6
   0016 0A 00              1477 	.byte #0x0A,#0x00	;  10
   0018 0B 00              1478 	.byte #0x0B,#0x00	;  11
                           1479 	.area XINIT   (CODE)
                           1480 	.area CABS    (ABS,CODE)
